2025-06-17 16:38:52,426 - INFO - Namespace(circuit=7, port_num=100, threshold=0.05)
2025-06-17 16:38:52,761 - INFO - Circuit : 7
2025-06-17 16:50:45,871 - INFO - RGA computation time: 712.9706 seconds
2025-06-17 16:50:45,872 - INFO - RGA matrix computed and normalized.
2025-06-17 16:56:59,162 - INFO - Namespace(circuit=7, port_num=200, threshold=0.05)
2025-06-17 16:56:59,498 - INFO - Circuit : 7
2025-06-17 17:14:26,669 - INFO - RGA computation time: 1047.0301 seconds
2025-06-17 17:14:26,669 - INFO - RGA matrix computed and normalized.
2025-06-17 17:36:07,732 - INFO - Namespace(circuit=7, port_num=200, threshold=0.05)
2025-06-17 17:36:08,068 - INFO - Circuit : 7
2025-06-17 17:36:08,210 - INFO - RGA matrix computed and normalized.
2025-06-17 18:45:16,924 - INFO - Namespace(circuit=7, port_num=200, threshold=0.05)
2025-06-17 18:45:17,264 - INFO - Circuit : 7
2025-06-17 18:45:17,406 - INFO - RGA matrix computed and normalized.
2025-06-17 19:34:12,240 - INFO - Namespace(circuit=7, port_num=200, threshold=0.05)
2025-06-17 19:34:12,573 - INFO - Circuit : 7
2025-06-17 19:34:12,714 - INFO - RGA matrix computed and normalized.
2025-06-17 19:41:03,552 - INFO - Namespace(circuit=7, port_num=200, threshold=0.05)
2025-06-17 19:41:03,885 - INFO - Circuit : 7
2025-06-17 19:41:04,026 - INFO - RGA matrix computed and normalized.
2025-06-17 19:47:05,728 - INFO - Output 1: Reduced order model size: 4, Time taken: 361.6975 seconds
2025-06-17 19:47:26,775 - INFO - Namespace(circuit=7, port_num=200, threshold=0.05)
2025-06-17 19:47:27,110 - INFO - Circuit : 7
2025-06-17 19:47:27,250 - INFO - RGA matrix computed and normalized.
2025-06-17 20:00:07,161 - INFO - Output 1: Reduced order model size: 4, Time taken: 354.5317 seconds
2025-06-17 20:00:07,678 - INFO - Simulation for output 1 took 0.5162 seconds.
2025-06-17 20:05:22,759 - INFO - Output 2: Reduced order model size: 3, Time taken: 315.0807 seconds
2025-06-17 20:05:23,227 - INFO - Simulation for output 2 took 0.4673 seconds.
2025-06-17 20:10:39,877 - INFO - Output 3: Reduced order model size: 4, Time taken: 316.6501 seconds
2025-06-17 20:10:40,349 - INFO - Simulation for output 3 took 0.4716 seconds.
2025-06-17 20:15:45,054 - INFO - Output 4: Reduced order model size: 4, Time taken: 304.7041 seconds
2025-06-17 20:15:45,523 - INFO - Simulation for output 4 took 0.4687 seconds.
