2025-06-17 15:02:12,719 - INFO - Namespace(circuit=6, port_num=100, threshold=0.05)
2025-06-17 15:02:13,598 - INFO - Circuit : 6
2025-06-17 15:03:51,192 - INFO - RGA matrix computed and normalized.
2025-06-17 15:36:59,503 - INFO - Namespace(circuit=6, port_num=2000, threshold=0.05)
2025-06-17 15:36:59,697 - INFO - Circuit : 6
2025-06-17 16:08:28,669 - INFO - Namespace(circuit=6, port_num=200, threshold=0.05)
2025-06-17 16:08:28,859 - INFO - Circuit : 6
2025-06-17 16:13:15,713 - INFO - Namespace(circuit=6, port_num=200, threshold=0.05)
2025-06-17 16:13:15,905 - INFO - Circuit : 6
2025-06-17 16:19:03,996 - INFO - RGA computation time: 347.9855 seconds
2025-06-17 16:19:03,997 - INFO - RGA matrix computed and normalized.
2025-06-17 16:22:30,383 - INFO - Output 1: Reduced order model size: 6, Time taken: 74.0209 seconds
2025-06-17 16:22:30,913 - INFO - Simulation for output 1 took 0.5293 seconds.
2025-06-17 16:23:35,729 - INFO - Output 2: Reduced order model size: 6, Time taken: 64.8148 seconds
2025-06-17 16:23:36,200 - INFO - Simulation for output 2 took 0.4706 seconds.
2025-06-17 16:24:41,942 - INFO - Output 3: Reduced order model size: 8, Time taken: 65.7413 seconds
2025-06-17 16:24:42,418 - INFO - Simulation for output 3 took 0.4762 seconds.
2025-06-17 16:25:49,995 - INFO - Output 4: Reduced order model size: 8, Time taken: 67.5761 seconds
2025-06-17 16:25:50,460 - INFO - Simulation for output 4 took 0.4644 seconds.
2025-06-17 16:26:53,323 - INFO - Output 5: Reduced order model size: 6, Time taken: 62.8629 seconds
2025-06-17 16:26:53,793 - INFO - Simulation for output 5 took 0.4700 seconds.
2025-06-17 16:27:56,540 - INFO - Output 6: Reduced order model size: 6, Time taken: 62.7462 seconds
2025-06-17 16:27:57,003 - INFO - Simulation for output 6 took 0.4623 seconds.
