2025-08-11 12:03:01,978 - INFO - Namespace(circuit=1, port_num=2000, threshold=1)
2025-08-11 12:03:01,986 - INFO - Circuit : 1
2025-08-11 12:03:28,649 - INFO - Permutation time: 24.12188720703125
2025-08-11 12:03:29,144 - INFO - 跳过浮空节点 4
2025-08-11 12:03:29,789 - INFO - 跳过浮空节点 10
2025-08-11 12:03:30,910 - INFO - 跳过浮空节点 20
2025-08-11 12:03:31,529 - INFO - 跳过浮空节点 26
2025-08-11 12:03:32,387 - INFO - 跳过浮空节点 34
2025-08-11 12:03:33,481 - INFO - 跳过浮空节点 44
2025-08-11 12:03:34,350 - INFO - 跳过浮空节点 52
2025-08-11 12:03:35,443 - INFO - 跳过浮空节点 62
2025-08-11 12:03:36,059 - INFO - 跳过浮空节点 68
2025-08-11 12:03:36,926 - INFO - 跳过浮空节点 76
2025-08-11 12:03:37,779 - INFO - 跳过浮空节点 84
2025-08-11 12:03:38,391 - INFO - 跳过浮空节点 90
2025-08-11 12:03:39,243 - INFO - 跳过浮空节点 98
2025-08-11 12:03:39,859 - INFO - 跳过浮空节点 104
2025-08-11 12:03:40,715 - INFO - 跳过浮空节点 112
2025-08-11 12:03:41,571 - INFO - 跳过浮空节点 120
2025-08-11 12:03:42,208 - INFO - 跳过浮空节点 126
2025-08-11 12:03:43,042 - INFO - 跳过浮空节点 134
2025-08-11 12:03:43,654 - INFO - 跳过浮空节点 140
2025-08-11 12:03:43,774 - INFO - 跳过浮空节点 142
2025-08-11 12:03:44,170 - INFO - 跳过浮空节点 146
2025-08-11 12:03:44,528 - INFO - 跳过浮空节点 150
2025-08-11 12:03:44,649 - INFO - 跳过浮空节点 152
2025-08-11 12:03:45,024 - INFO - 跳过浮空节点 156
2025-08-11 12:03:45,388 - INFO - 跳过浮空节点 160
2025-08-11 12:03:45,510 - INFO - 跳过浮空节点 162
2025-08-11 12:03:45,889 - INFO - 跳过浮空节点 166
2025-08-11 12:03:46,254 - INFO - 跳过浮空节点 170
2025-08-11 12:03:47,109 - INFO - 跳过浮空节点 178
2025-08-11 12:03:47,488 - INFO - 跳过浮空节点 182
2025-08-11 12:03:47,611 - INFO - 跳过浮空节点 184
2025-08-11 12:03:48,249 - INFO - 跳过浮空节点 190
2025-08-11 12:03:48,372 - INFO - 跳过浮空节点 192
2025-08-11 12:03:49,231 - INFO - 跳过浮空节点 200
2025-08-11 12:03:49,353 - INFO - 跳过浮空节点 202
2025-08-11 12:03:50,210 - INFO - 跳过浮空节点 210
2025-08-11 12:03:51,316 - INFO - 跳过浮空节点 220
2025-08-11 12:03:51,927 - INFO - 跳过浮空节点 226
2025-08-11 12:03:52,069 - INFO - 跳过浮空节点 228
2025-08-11 12:03:53,165 - INFO - 跳过浮空节点 238
2025-08-11 12:03:53,286 - INFO - 跳过浮空节点 240
2025-08-11 12:03:54,650 - INFO - 跳过浮空节点 252
2025-08-11 12:03:54,776 - INFO - 跳过浮空节点 254
2025-08-11 12:03:56,155 - INFO - 跳过浮空节点 266
2025-08-11 12:03:57,521 - INFO - 跳过浮空节点 278
2025-08-11 12:03:57,888 - INFO - 跳过浮空节点 282
2025-08-11 12:03:58,012 - INFO - 跳过浮空节点 284
2025-08-11 12:03:58,869 - INFO - 跳过浮空节点 292
2025-08-11 12:03:58,988 - INFO - 跳过浮空节点 294
2025-08-11 12:04:00,103 - INFO - 跳过浮空节点 304
2025-08-11 12:04:00,224 - INFO - 跳过浮空节点 306
2025-08-11 12:04:00,347 - INFO - 跳过浮空节点 308
2025-08-11 12:04:01,446 - INFO - 跳过浮空节点 318
2025-08-11 12:04:01,843 - INFO - 跳过浮空节点 322
2025-08-11 12:04:02,705 - INFO - 跳过浮空节点 330
2025-08-11 12:04:03,060 - INFO - 跳过浮空节点 334
2025-08-11 12:04:03,180 - INFO - 跳过浮空节点 336
2025-08-11 12:04:03,319 - INFO - 跳过浮空节点 338
2025-08-11 12:04:04,059 - INFO - 跳过浮空节点 345
2025-08-11 12:04:04,061 - INFO - 跳过浮空节点 346
2025-08-11 12:04:04,202 - INFO - 跳过浮空节点 348
2025-08-11 12:04:05,185 - INFO - 跳过浮空节点 357
2025-08-11 12:04:05,186 - INFO - 跳过浮空节点 358
2025-08-11 12:04:05,308 - INFO - 跳过浮空节点 360
2025-08-11 12:04:05,311 - INFO - 跳过浮空节点 361
2025-08-11 12:04:06,285 - INFO - 跳过浮空节点 370
2025-08-11 12:04:06,669 - INFO - 跳过浮空节点 374
2025-08-11 12:04:07,158 - INFO - 跳过浮空节点 379
2025-08-11 12:04:07,542 - INFO - 跳过浮空节点 383
2025-08-11 12:04:07,544 - INFO - 跳过浮空节点 384
2025-08-11 12:04:07,670 - INFO - 跳过浮空节点 386
2025-08-11 12:04:08,168 - INFO - 跳过浮空节点 391
2025-08-11 12:04:08,170 - INFO - 跳过浮空节点 392
2025-08-11 12:04:08,312 - INFO - 跳过浮空节点 394
2025-08-11 12:04:09,075 - INFO - 跳过浮空节点 401
2025-08-11 12:04:09,077 - INFO - 跳过浮空节点 402
2025-08-11 12:04:09,201 - INFO - 跳过浮空节点 404
2025-08-11 12:04:09,323 - INFO - 跳过浮空节点 406
2025-08-11 12:04:09,325 - INFO - 跳过浮空节点 407
2025-08-11 12:04:10,329 - INFO - 跳过浮空节点 416
2025-08-11 12:04:10,450 - INFO - 跳过浮空节点 418
2025-08-11 12:04:10,831 - INFO - 跳过浮空节点 422
2025-08-11 12:04:11,319 - INFO - 跳过浮空节点 427
2025-08-11 12:04:11,442 - INFO - 跳过浮空节点 429
2025-08-11 12:04:11,821 - INFO - 跳过浮空节点 433
2025-08-11 12:04:11,823 - INFO - 跳过浮空节点 434
2025-08-11 12:04:12,564 - INFO - 跳过浮空节点 441
2025-08-11 12:04:12,565 - INFO - 跳过浮空节点 442
2025-08-11 12:04:13,543 - INFO - 跳过浮空节点 451
2025-08-11 12:04:13,545 - INFO - 跳过浮空节点 452
2025-08-11 12:04:13,666 - INFO - 跳过浮空节点 454
2025-08-11 12:04:13,667 - INFO - 跳过浮空节点 455
2025-08-11 12:04:14,916 - INFO - 跳过浮空节点 466
2025-08-11 12:04:15,039 - INFO - 跳过浮空节点 468
2025-08-11 12:04:15,040 - INFO - 跳过浮空节点 469
2025-08-11 12:04:15,525 - INFO - 跳过浮空节点 474
2025-08-11 12:04:15,645 - INFO - 跳过浮空节点 476
2025-08-11 12:04:15,647 - INFO - 跳过浮空节点 477
2025-08-11 12:04:16,153 - INFO - 跳过浮空节点 482
2025-08-11 12:04:17,142 - INFO - 跳过浮空节点 491
2025-08-11 12:04:17,144 - INFO - 跳过浮空节点 492
2025-08-11 12:04:17,265 - INFO - 跳过浮空节点 494
2025-08-11 12:04:18,523 - INFO - 跳过浮空节点 505
2025-08-11 12:04:18,525 - INFO - 跳过浮空节点 506
2025-08-11 12:04:19,258 - INFO - 跳过浮空节点 513
2025-08-11 12:04:19,260 - INFO - 跳过浮空节点 514
2025-08-11 12:04:19,262 - INFO - 跳过浮空节点 515
2025-08-11 12:04:19,747 - INFO - 跳过浮空节点 520
2025-08-11 12:04:19,749 - INFO - 跳过浮空节点 521
2025-08-11 12:04:20,518 - INFO - 跳过浮空节点 528
2025-08-11 12:04:20,519 - INFO - 跳过浮空节点 529
2025-08-11 12:04:20,521 - INFO - 跳过浮空节点 530
2025-08-11 12:04:20,522 - INFO - 跳过浮空节点 531
2025-08-11 12:04:21,272 - INFO - 跳过浮空节点 538
2025-08-11 12:04:21,274 - INFO - 跳过浮空节点 539
2025-08-11 12:04:21,276 - INFO - 跳过浮空节点 540
2025-08-11 12:04:21,540 - INFO - 跳过浮空节点 543
2025-08-11 12:04:21,542 - INFO - 跳过浮空节点 544
2025-08-11 12:04:21,543 - INFO - 跳过浮空节点 545
2025-08-11 12:04:21,544 - INFO - 跳过浮空节点 546
2025-08-11 12:04:21,546 - INFO - 跳过浮空节点 547
2025-08-11 12:04:21,796 - INFO - 跳过浮空节点 550
2025-08-11 12:04:21,798 - INFO - 跳过浮空节点 551
2025-08-11 12:04:21,799 - INFO - 跳过浮空节点 552
2025-08-11 12:04:22,282 - INFO - 跳过浮空节点 557
2025-08-11 12:04:22,283 - INFO - 跳过浮空节点 558
2025-08-11 12:04:22,285 - INFO - 跳过浮空节点 559
2025-08-11 12:04:22,287 - INFO - 跳过浮空节点 560
2025-08-11 12:04:22,289 - INFO - 跳过浮空节点 561
2025-08-11 12:04:22,790 - INFO - 跳过浮空节点 566
2025-08-11 12:04:22,791 - INFO - 跳过浮空节点 567
2025-08-11 12:04:22,792 - INFO - 跳过浮空节点 568
2025-08-11 12:04:23,034 - INFO - 跳过浮空节点 571
2025-08-11 12:04:23,036 - INFO - 跳过浮空节点 572
2025-08-11 12:04:23,037 - INFO - 跳过浮空节点 573
2025-08-11 12:04:23,039 - INFO - 跳过浮空节点 574
2025-08-11 12:04:23,041 - INFO - 跳过浮空节点 575
2025-08-11 12:04:23,308 - INFO - 跳过浮空节点 578
2025-08-11 12:04:23,309 - INFO - 跳过浮空节点 579
2025-08-11 12:04:23,311 - INFO - 跳过浮空节点 580
2025-08-11 12:04:23,560 - INFO - 跳过浮空节点 583
2025-08-11 12:04:23,562 - INFO - 跳过浮空节点 584
2025-08-11 12:04:23,564 - INFO - 跳过浮空节点 585
2025-08-11 12:04:23,566 - INFO - 跳过浮空节点 586
2025-08-11 12:04:23,567 - INFO - 跳过浮空节点 587
2025-08-11 12:04:23,810 - INFO - 跳过浮空节点 590
2025-08-11 12:04:23,811 - INFO - 跳过浮空节点 591
2025-08-11 12:04:23,813 - INFO - 跳过浮空节点 592
2025-08-11 12:04:23,815 - INFO - 跳过浮空节点 593
2025-08-11 12:04:23,816 - INFO - 跳过浮空节点 594
2025-08-11 12:04:23,817 - INFO - 跳过浮空节点 595
2025-08-11 12:04:23,819 - INFO - 跳过浮空节点 596
2025-08-11 12:04:23,820 - INFO - 跳过浮空节点 597
2025-08-11 12:04:24,345 - INFO - 跳过浮空节点 602
2025-08-11 12:04:24,346 - INFO - 跳过浮空节点 603
2025-08-11 12:04:24,348 - INFO - 跳过浮空节点 604
2025-08-11 12:04:24,839 - INFO - 跳过浮空节点 609
2025-08-11 12:04:24,841 - INFO - 跳过浮空节点 610
2025-08-11 12:04:24,843 - INFO - 跳过浮空节点 611
2025-08-11 12:04:24,845 - INFO - 跳过浮空节点 612
2025-08-11 12:04:24,846 - INFO - 跳过浮空节点 613
2025-08-11 12:04:25,365 - INFO - 跳过浮空节点 618
2025-08-11 12:04:25,366 - INFO - 跳过浮空节点 619
2025-08-11 12:04:25,368 - INFO - 跳过浮空节点 620
2025-08-11 12:04:25,369 - INFO - 跳过浮空节点 621
2025-08-11 12:04:25,371 - INFO - 跳过浮空节点 622
2025-08-11 12:04:25,373 - INFO - 跳过浮空节点 623
2025-08-11 12:04:25,374 - INFO - 跳过浮空节点 624
2025-08-11 12:04:25,375 - INFO - 跳过浮空节点 625
2025-08-11 12:04:25,620 - INFO - 跳过浮空节点 628
2025-08-11 12:04:25,622 - INFO - 跳过浮空节点 629
2025-08-11 12:04:25,624 - INFO - 跳过浮空节点 630
2025-08-11 12:04:25,887 - INFO - 跳过浮空节点 633
2025-08-11 12:05:59,610 - INFO - 跳过浮空节点 1385
2025-08-11 12:06:21,438 - INFO - 跳过浮空节点 1555
2025-08-11 12:31:15,326 - INFO - 跳过浮空节点 9840
2025-08-11 12:31:54,572 - INFO - 跳过浮空节点 10006
2025-08-11 12:34:06,717 - INFO - 跳过浮空节点 10559
2025-08-11 12:34:28,724 - INFO - 跳过浮空节点 10648
2025-08-11 12:34:29,263 - INFO - 跳过浮空节点 10651
2025-08-11 12:34:29,531 - INFO - 跳过浮空节点 10653
2025-08-11 12:34:29,796 - INFO - 跳过浮空节点 10655
2025-08-11 12:34:30,059 - INFO - 跳过浮空节点 10657
2025-08-11 12:34:30,867 - INFO - 跳过浮空节点 10661
2025-08-11 12:34:31,649 - INFO - 跳过浮空节点 10665
2025-08-11 12:34:39,440 - INFO - 跳过浮空节点 10698
2025-08-11 12:34:43,844 - INFO - 跳过浮空节点 10717
2025-08-11 12:34:45,284 - INFO - 跳过浮空节点 10724
2025-08-11 12:34:49,665 - INFO - 跳过浮空节点 10743
2025-08-11 12:34:49,709 - INFO - 跳过浮空节点 10744
2025-08-11 12:34:49,753 - INFO - 跳过浮空节点 10745
2025-08-11 12:34:50,325 - INFO - 跳过浮空节点 10748
2025-08-11 12:34:50,387 - INFO - 跳过浮空节点 10749
2025-08-11 12:34:50,449 - INFO - 跳过浮空节点 10750
2025-08-11 12:34:50,510 - INFO - 跳过浮空节点 10751
2025-08-11 12:36:15,267 - INFO - 跳过浮空节点 11092
2025-08-11 12:36:17,345 - INFO - 跳过浮空节点 11102
2025-08-11 12:36:35,898 - INFO - 跳过浮空节点 11183
2025-08-11 12:36:57,457 - INFO - 跳过浮空节点 11277
2025-08-11 12:37:05,031 - INFO - 跳过浮空节点 11311
2025-08-11 12:37:05,776 - INFO - 跳过浮空节点 11315
2025-08-11 12:37:06,291 - INFO - 跳过浮空节点 11318
2025-08-11 12:37:07,279 - INFO - 跳过浮空节点 11323
2025-08-11 12:37:40,968 - INFO - 跳过浮空节点 11466
2025-08-11 12:38:23,987 - INFO - 跳过浮空节点 11661
2025-08-11 12:38:24,032 - INFO - 跳过浮空节点 11662
2025-08-11 12:38:41,001 - INFO - 跳过浮空节点 11740
2025-08-11 12:38:46,092 - INFO - 跳过浮空节点 11764
2025-08-11 12:38:50,499 - INFO - 跳过浮空节点 11783
2025-08-11 12:38:52,854 - INFO - 跳过浮空节点 11794
2025-08-11 12:39:02,077 - INFO - 跳过浮空节点 11833
2025-08-11 12:39:02,878 - INFO - 跳过浮空节点 11837
2025-08-11 12:39:06,667 - INFO - 跳过浮空节点 11854
2025-08-11 12:39:11,200 - INFO - 跳过浮空节点 11874
2025-08-11 12:39:38,220 - INFO - 跳过浮空节点 11987
2025-08-11 12:39:39,716 - INFO - 跳过浮空节点 11994
2025-08-11 12:40:52,649 - INFO - 跳过浮空节点 12310
2025-08-11 12:40:59,761 - INFO - 跳过浮空节点 12341
2025-08-11 12:41:07,337 - INFO - 跳过浮空节点 12374
2025-08-11 12:41:17,163 - INFO - 跳过浮空节点 12415
2025-08-11 12:41:19,384 - INFO - 跳过浮空节点 12425
2025-08-11 12:43:11,725 - INFO - 跳过浮空节点 12899
2025-08-11 12:43:13,986 - INFO - 跳过浮空节点 12909
2025-08-11 12:43:16,623 - INFO - 跳过浮空节点 12921
2025-08-11 12:43:18,806 - INFO - 跳过浮空节点 12931
2025-08-11 12:43:42,026 - INFO - 跳过浮空节点 13031
2025-08-11 12:43:42,523 - INFO - 跳过浮空节点 13034
2025-08-11 12:43:44,476 - INFO - 跳过浮空节点 13043
2025-08-11 12:43:45,225 - INFO - 跳过浮空节点 13047
2025-08-11 12:43:47,111 - INFO - 跳过浮空节点 13056
2025-08-11 12:43:49,533 - INFO - 跳过浮空节点 13067
2025-08-11 12:43:50,053 - INFO - 跳过浮空节点 13070
2025-08-11 12:43:50,116 - INFO - 跳过浮空节点 13071
2025-08-11 12:43:50,425 - INFO - 跳过浮空节点 13073
2025-08-11 12:43:57,119 - INFO - 跳过浮空节点 13101
2025-08-11 12:43:57,625 - INFO - 跳过浮空节点 13104
2025-08-11 12:44:00,556 - INFO - 跳过浮空节点 13117
2025-08-11 12:44:03,778 - INFO - 跳过浮空节点 13131
2025-08-11 12:46:05,363 - INFO - 跳过浮空节点 13659
2025-08-11 12:46:05,627 - INFO - 跳过浮空节点 13661
2025-08-11 12:46:05,910 - INFO - 跳过浮空节点 13663
2025-08-11 12:46:06,143 - INFO - 跳过浮空节点 13665
2025-08-11 12:46:06,884 - INFO - 跳过浮空节点 13669
2025-08-11 12:46:07,150 - INFO - 跳过浮空节点 13671
2025-08-11 12:46:07,194 - INFO - 跳过浮空节点 13672
2025-08-11 12:46:07,478 - INFO - 跳过浮空节点 13674
2025-08-11 12:46:08,224 - INFO - 跳过浮空节点 13678
2025-08-11 12:46:08,737 - INFO - 跳过浮空节点 13681
2025-08-11 12:46:08,998 - INFO - 跳过浮空节点 13683
2025-08-11 12:46:09,258 - INFO - 跳过浮空节点 13685
2025-08-11 12:46:09,520 - INFO - 跳过浮空节点 13687
2025-08-11 12:46:10,961 - INFO - 跳过浮空节点 13694
2025-08-11 12:46:16,774 - INFO - 跳过浮空节点 13720
2025-08-11 12:46:19,118 - INFO - 跳过浮空节点 13731
2025-08-11 12:46:19,432 - INFO - 跳过浮空节点 13733
2025-08-11 12:46:20,479 - INFO - 跳过浮空节点 13738
2025-08-11 12:46:20,998 - INFO - 跳过浮空节点 13741
2025-08-11 12:46:21,041 - INFO - 跳过浮空节点 13742
2025-08-11 12:46:22,959 - INFO - 跳过浮空节点 13751
2025-08-11 12:46:23,250 - INFO - 跳过浮空节点 13753
2025-08-11 12:46:27,564 - INFO - 跳过浮空节点 13772
2025-08-11 12:46:30,451 - INFO - 跳过浮空节点 13785
2025-08-11 12:46:33,082 - INFO - 跳过浮空节点 13797
2025-08-11 12:46:36,011 - INFO - 跳过浮空节点 13810
2025-08-11 12:46:36,054 - INFO - 跳过浮空节点 13811
2025-08-11 12:46:36,350 - INFO - 跳过浮空节点 13813
2025-08-11 12:46:36,877 - INFO - 跳过浮空节点 13816
2025-08-11 12:48:21,365 - INFO - 跳过浮空节点 14273
2025-08-11 12:48:21,409 - INFO - 跳过浮空节点 14274
2025-08-11 12:48:22,121 - INFO - 跳过浮空节点 14278
2025-08-11 12:48:22,165 - INFO - 跳过浮空节点 14279
2025-08-11 12:48:22,208 - INFO - 跳过浮空节点 14280
2025-08-11 12:48:22,251 - INFO - 跳过浮空节点 14281
2025-08-11 12:48:22,699 - INFO - 跳过浮空节点 14284
2025-08-11 12:48:23,387 - INFO - 跳过浮空节点 14288
2025-08-11 12:48:23,876 - INFO - 跳过浮空节点 14291
2025-08-11 12:48:24,336 - INFO - 跳过浮空节点 14294
2025-08-11 12:48:24,804 - INFO - 跳过浮空节点 14297
2025-08-11 12:48:28,475 - INFO - 跳过浮空节点 14315
2025-08-11 12:48:32,042 - INFO - 跳过浮空节点 14331
2025-08-11 12:48:32,589 - INFO - 跳过浮空节点 14334
2025-08-11 12:48:33,853 - INFO - 跳过浮空节点 14340
2025-08-11 12:48:34,396 - INFO - 跳过浮空节点 14343
2025-08-11 12:48:38,171 - INFO - 跳过浮空节点 14360
2025-08-11 12:48:38,234 - INFO - 跳过浮空节点 14361
2025-08-11 12:49:00,609 - INFO - 跳过浮空节点 14455
2025-08-11 12:49:59,459 - INFO - 跳过浮空节点 14718
2025-08-11 12:50:14,699 - INFO - 跳过浮空节点 14786
2025-08-11 12:50:34,124 - INFO - 跳过浮空节点 14870
2025-08-11 12:50:34,187 - INFO - 跳过浮空节点 14871
2025-08-11 12:50:34,248 - INFO - 跳过浮空节点 14872
2025-08-11 12:50:34,757 - INFO - 跳过浮空节点 14875
2025-08-11 12:50:34,800 - INFO - 跳过浮空节点 14876
2025-08-11 12:50:35,296 - INFO - 跳过浮空节点 14879
2025-08-11 12:50:35,801 - INFO - 跳过浮空节点 14882
2025-08-11 12:50:38,649 - INFO - 跳过浮空节点 14895
2025-08-11 12:50:45,407 - INFO - 跳过浮空节点 14926
2025-08-11 12:50:46,155 - INFO - 跳过浮空节点 14930
2025-08-11 12:52:17,893 - INFO - 跳过浮空节点 15337
2025-08-11 12:52:20,826 - INFO - 跳过浮空节点 15350
2025-08-11 12:52:29,034 - INFO - 跳过浮空节点 15386
2025-08-11 12:52:38,639 - INFO - 跳过浮空节点 15431
2025-08-11 12:52:56,518 - INFO - 跳过浮空节点 15512
2025-08-11 12:53:56,457 - INFO - 跳过浮空节点 15770
2025-08-11 12:53:59,142 - INFO - 跳过浮空节点 15782
2025-08-11 12:54:01,395 - INFO - 跳过浮空节点 15793
2025-08-11 12:54:03,599 - INFO - 跳过浮空节点 15803
2025-08-11 12:54:14,326 - INFO - 跳过浮空节点 15850
2025-08-11 12:54:20,485 - INFO - 跳过浮空节点 15877
2025-08-11 12:54:26,935 - INFO - 跳过浮空节点 15908
2025-08-11 12:54:28,172 - INFO - 跳过浮空节点 15914
2025-08-11 12:54:31,325 - INFO - 跳过浮空节点 15930
2025-08-11 12:54:34,714 - INFO - 跳过浮空节点 15946
2025-08-11 12:54:48,035 - INFO - 跳过浮空节点 16009
2025-08-11 12:54:48,816 - INFO - 跳过浮空节点 16013
2025-08-11 12:54:49,085 - INFO - 跳过浮空节点 16015
2025-08-11 12:54:49,128 - INFO - 跳过浮空节点 16016
2025-08-11 12:54:49,172 - INFO - 跳过浮空节点 16017
2025-08-11 12:54:49,215 - INFO - 跳过浮空节点 16018
2025-08-11 12:54:49,259 - INFO - 跳过浮空节点 16019
2025-08-11 12:54:49,303 - INFO - 跳过浮空节点 16020
2025-08-11 12:54:49,347 - INFO - 跳过浮空节点 16021
2025-08-11 12:54:49,391 - INFO - 跳过浮空节点 16022
2025-08-11 12:54:49,434 - INFO - 跳过浮空节点 16023
2025-08-11 12:54:49,478 - INFO - 跳过浮空节点 16024
2025-08-11 12:54:49,522 - INFO - 跳过浮空节点 16025
2025-08-11 12:54:49,566 - INFO - 跳过浮空节点 16026
2025-08-11 12:54:49,609 - INFO - 跳过浮空节点 16027
2025-08-11 12:54:49,653 - INFO - 跳过浮空节点 16028
2025-08-11 12:54:49,696 - INFO - 跳过浮空节点 16029
2025-08-11 12:54:49,740 - INFO - 跳过浮空节点 16030
2025-08-11 12:54:49,783 - INFO - 跳过浮空节点 16031
2025-08-11 12:54:49,827 - INFO - 跳过浮空节点 16032
2025-08-11 12:54:49,870 - INFO - 跳过浮空节点 16033
2025-08-11 12:54:49,915 - INFO - 跳过浮空节点 16034
2025-08-11 12:54:49,959 - INFO - 跳过浮空节点 16035
2025-08-11 12:54:50,003 - INFO - 跳过浮空节点 16036
2025-08-11 12:54:50,046 - INFO - 跳过浮空节点 16037
2025-08-11 12:54:50,090 - INFO - 跳过浮空节点 16038
2025-08-11 12:54:50,133 - INFO - 跳过浮空节点 16039
2025-08-11 12:54:50,177 - INFO - 跳过浮空节点 16040
2025-08-11 12:54:50,220 - INFO - 跳过浮空节点 16041
2025-08-11 12:54:50,264 - INFO - 跳过浮空节点 16042
2025-08-11 12:54:50,308 - INFO - 跳过浮空节点 16043
2025-08-11 12:54:50,351 - INFO - 跳过浮空节点 16044
2025-08-11 12:54:50,395 - INFO - 跳过浮空节点 16045
2025-08-11 12:54:50,439 - INFO - 跳过浮空节点 16046
2025-08-11 12:54:50,483 - INFO - 跳过浮空节点 16047
2025-08-11 12:54:50,527 - INFO - 跳过浮空节点 16048
2025-08-11 12:54:50,570 - INFO - 跳过浮空节点 16049
2025-08-11 12:54:50,615 - INFO - 跳过浮空节点 16050
2025-08-11 12:54:50,659 - INFO - 跳过浮空节点 16051
2025-08-11 12:54:50,703 - INFO - 跳过浮空节点 16052
2025-08-11 12:54:50,746 - INFO - 跳过浮空节点 16053
2025-08-11 12:54:50,790 - INFO - 跳过浮空节点 16054
2025-08-11 12:54:50,834 - INFO - 跳过浮空节点 16055
2025-08-11 12:54:50,878 - INFO - 跳过浮空节点 16056
2025-08-11 12:54:50,922 - INFO - 跳过浮空节点 16057
2025-08-11 12:54:51,156 - INFO - 跳过浮空节点 16059
2025-08-11 12:54:51,200 - INFO - 跳过浮空节点 16060
2025-08-11 13:27:57,973 - INFO - 跳过浮空节点 24830
2025-08-11 13:27:58,035 - INFO - 跳过浮空节点 24831
2025-08-11 13:27:58,288 - INFO - 跳过浮空节点 24833
2025-08-11 13:27:58,331 - INFO - 跳过浮空节点 24834
2025-08-11 13:27:58,373 - INFO - 跳过浮空节点 24835
2025-08-11 13:27:58,417 - INFO - 跳过浮空节点 24836
2025-08-11 13:27:58,461 - INFO - 跳过浮空节点 24837
2025-08-11 13:27:58,503 - INFO - 跳过浮空节点 24838
2025-08-11 13:27:58,546 - INFO - 跳过浮空节点 24839
2025-08-11 13:27:58,815 - INFO - 跳过浮空节点 24841
2025-08-11 13:27:58,876 - INFO - 跳过浮空节点 24842
2025-08-11 13:27:58,938 - INFO - 跳过浮空节点 24843
2025-08-11 13:27:58,999 - INFO - 跳过浮空节点 24844
2025-08-11 13:27:59,285 - INFO - 跳过浮空节点 24846
2025-08-11 13:27:59,346 - INFO - 跳过浮空节点 24847
2025-08-11 13:27:59,407 - INFO - 跳过浮空节点 24848
2025-08-11 13:27:59,668 - INFO - 跳过浮空节点 24850
2025-08-11 13:27:59,730 - INFO - 跳过浮空节点 24851
2025-08-11 13:27:59,791 - INFO - 跳过浮空节点 24852
2025-08-11 13:27:59,853 - INFO - 跳过浮空节点 24853
2025-08-11 13:28:00,129 - INFO - 跳过浮空节点 24855
2025-08-11 13:28:00,596 - INFO - 跳过浮空节点 24858
2025-08-11 13:28:00,658 - INFO - 跳过浮空节点 24859
2025-08-11 13:28:00,943 - INFO - 跳过浮空节点 24861
2025-08-11 13:28:01,004 - INFO - 跳过浮空节点 24862
2025-08-11 13:29:25,803 - INFO - 跳过浮空节点 25286
2025-08-11 13:29:30,757 - INFO - 跳过浮空节点 25312
2025-08-11 13:31:10,516 - INFO - 跳过浮空节点 25798
2025-08-11 13:31:15,796 - INFO - 跳过浮空节点 25824
2025-08-11 13:31:21,553 - INFO - 跳过浮空节点 25852
2025-08-11 13:31:26,813 - INFO - 跳过浮空节点 25878
2025-08-11 13:33:10,042 - INFO - 跳过浮空节点 26379
2025-08-11 13:33:16,358 - INFO - 跳过浮空节点 26410
2025-08-11 13:33:22,034 - INFO - 跳过浮空节点 26438
2025-08-11 13:33:27,943 - INFO - 跳过浮空节点 26467
2025-08-11 13:35:07,239 - INFO - 跳过浮空节点 26953
2025-08-11 13:35:13,141 - INFO - 跳过浮空节点 26982
2025-08-11 13:35:18,772 - INFO - 跳过浮空节点 27010
2025-08-11 13:35:24,656 - INFO - 跳过浮空节点 27039
2025-08-11 13:37:02,640 - INFO - 跳过浮空节点 27520
2025-08-11 13:37:08,504 - INFO - 跳过浮空节点 27549
2025-08-11 13:37:13,926 - INFO - 跳过浮空节点 27576
2025-08-11 13:37:19,781 - INFO - 跳过浮空节点 27605
2025-08-11 13:38:55,620 - INFO - 跳过浮空节点 28096
2025-08-11 13:39:00,818 - INFO - 跳过浮空节点 28124
2025-08-11 13:39:06,260 - INFO - 跳过浮空节点 28153
2025-08-11 13:39:11,862 - INFO - 跳过浮空节点 28181
2025-08-11 13:40:52,338 - INFO - 跳过浮空节点 28681
2025-08-11 13:40:57,898 - INFO - 跳过浮空节点 28709
2025-08-11 13:41:03,649 - INFO - 跳过浮空节点 28738
2025-08-11 13:41:09,149 - INFO - 跳过浮空节点 28766
2025-08-11 13:42:48,850 - INFO - 跳过浮空节点 29266
2025-08-11 13:42:54,206 - INFO - 跳过浮空节点 29293
2025-08-11 13:42:59,741 - INFO - 跳过浮空节点 29321
2025-08-11 13:43:04,886 - INFO - 跳过浮空节点 29347
2025-08-11 13:44:40,725 - INFO - 跳过浮空节点 29830
2025-08-11 13:44:45,859 - INFO - 跳过浮空节点 29856
2025-08-11 13:46:04,210 - INFO - 跳过浮空节点 30251
2025-08-11 13:46:04,254 - INFO - 跳过浮空节点 30252
2025-08-11 13:46:04,297 - INFO - 跳过浮空节点 30253
2025-08-11 13:46:04,538 - INFO - 跳过浮空节点 30255
2025-08-11 13:46:04,972 - INFO - 跳过浮空节点 30258
2025-08-11 13:46:05,015 - INFO - 跳过浮空节点 30259
2025-08-11 13:46:05,269 - INFO - 跳过浮空节点 30261
2025-08-11 13:46:05,332 - INFO - 跳过浮空节点 30262
2025-08-11 13:46:05,588 - INFO - 跳过浮空节点 30264
2025-08-11 13:46:05,651 - INFO - 跳过浮空节点 30265
2025-08-11 13:46:06,313 - INFO - 跳过浮空节点 30269
2025-08-11 13:46:06,558 - INFO - 跳过浮空节点 30271
2025-08-11 13:46:06,821 - INFO - 跳过浮空节点 30273
2025-08-11 13:46:07,476 - INFO - 跳过浮空节点 30277
2025-08-11 13:46:07,722 - INFO - 跳过浮空节点 30279
2025-08-11 13:46:08,008 - INFO - 跳过浮空节点 30281
2025-08-11 13:46:08,633 - INFO - 跳过浮空节点 30285
2025-08-11 13:46:08,696 - INFO - 跳过浮空节点 30286
2025-08-11 13:46:08,964 - INFO - 跳过浮空节点 30288
2025-08-11 13:46:09,007 - INFO - 跳过浮空节点 30289
2025-08-11 13:46:09,434 - INFO - 跳过浮空节点 30292
2025-08-11 13:46:09,497 - INFO - 跳过浮空节点 30293
2025-08-11 13:46:09,936 - INFO - 跳过浮空节点 30296
2025-08-11 13:46:10,358 - INFO - 跳过浮空节点 30299
2025-08-11 13:46:10,422 - INFO - 跳过浮空节点 30300
2025-08-11 13:46:10,484 - INFO - 跳过浮空节点 30301
2025-08-11 13:46:10,547 - INFO - 跳过浮空节点 30302
2025-08-11 13:46:22,564 - INFO - 跳过浮空节点 30362
2025-08-11 13:46:34,713 - INFO - 跳过浮空节点 30422
2025-08-11 13:46:47,015 - INFO - 跳过浮空节点 30482
2025-08-11 13:46:53,094 - INFO - 跳过浮空节点 30512
2025-08-11 13:46:59,167 - INFO - 跳过浮空节点 30542
2025-08-11 13:47:05,339 - INFO - 跳过浮空节点 30572
2025-08-11 13:47:11,547 - INFO - 跳过浮空节点 30602
2025-08-11 13:47:24,342 - INFO - 跳过浮空节点 30662
2025-08-11 13:47:30,593 - INFO - 跳过浮空节点 30692
2025-08-11 13:47:36,907 - INFO - 跳过浮空节点 30722
2025-08-11 13:47:43,265 - INFO - 跳过浮空节点 30752
2025-08-11 13:47:49,649 - INFO - 跳过浮空节点 30782
2025-08-11 13:47:56,062 - INFO - 跳过浮空节点 30812
2025-08-11 13:48:02,495 - INFO - 跳过浮空节点 30842
2025-08-11 13:48:08,737 - INFO - 跳过浮空节点 30871
2025-08-11 13:48:15,017 - INFO - 跳过浮空节点 30900
2025-08-11 13:48:15,072 - INFO - 跳过浮空节点 30901
2025-08-11 13:48:15,121 - INFO - 跳过浮空节点 30902
2025-08-11 13:48:15,171 - INFO - 跳过浮空节点 30903
2025-08-11 13:48:15,221 - INFO - 跳过浮空节点 30904
2025-08-11 13:48:15,271 - INFO - 跳过浮空节点 30905
2025-08-11 13:48:15,321 - INFO - 跳过浮空节点 30906
2025-08-11 13:48:15,371 - INFO - 跳过浮空节点 30907
2025-08-11 13:48:15,421 - INFO - 跳过浮空节点 30908
2025-08-11 13:48:15,472 - INFO - 跳过浮空节点 30909
2025-08-11 13:48:15,521 - INFO - 跳过浮空节点 30910
2025-08-11 13:48:15,572 - INFO - 跳过浮空节点 30911
2025-08-11 13:49:37,334 - INFO - 跳过浮空节点 31177
2025-08-11 13:49:37,476 - INFO - 跳过浮空节点 31178
2025-08-11 13:49:37,913 - INFO - 跳过浮空节点 31180
2025-08-11 13:49:38,417 - INFO - 跳过浮空节点 31182
2025-08-11 13:49:38,868 - INFO - 跳过浮空节点 31184
2025-08-11 13:49:40,023 - INFO - 跳过浮空节点 31188
2025-08-11 13:49:40,150 - INFO - Total reduction time: 6395.6233 seconds
2025-08-11 13:49:40,151 - INFO - Original order size: 54265
2025-08-11 13:49:40,151 - INFO - Reduced order size: 23076
2025-08-11 13:49:40,151 - INFO - SIP time: 6398.163335084915
2025-08-11 15:02:07,045 - INFO - Namespace(circuit=1, port_num=2000, threshold=1)
2025-08-11 15:02:07,052 - INFO - Circuit : 1
2025-08-11 15:02:33,382 - INFO - Permutation time: 24.015020608901978
2025-08-11 15:02:33,865 - INFO - 跳过浮空节点 4
2025-08-11 15:02:34,467 - INFO - 跳过浮空节点 10
2025-08-11 15:02:35,523 - INFO - 跳过浮空节点 20
2025-08-11 15:02:36,112 - INFO - 跳过浮空节点 26
2025-08-11 15:02:36,944 - INFO - 跳过浮空节点 34
2025-08-11 15:02:38,010 - INFO - 跳过浮空节点 44
2025-08-11 15:02:38,825 - INFO - 跳过浮空节点 52
2025-08-11 15:02:39,871 - INFO - 跳过浮空节点 62
2025-08-11 15:02:40,463 - INFO - 跳过浮空节点 68
2025-08-11 15:02:41,281 - INFO - 跳过浮空节点 76
2025-08-11 15:02:42,113 - INFO - 跳过浮空节点 84
2025-08-11 15:02:42,704 - INFO - 跳过浮空节点 90
2025-08-11 15:02:43,522 - INFO - 跳过浮空节点 98
2025-08-11 15:02:44,136 - INFO - 跳过浮空节点 104
2025-08-11 15:02:44,959 - INFO - 跳过浮空节点 112
2025-08-11 15:02:45,783 - INFO - 跳过浮空节点 120
2025-08-11 15:02:46,390 - INFO - 跳过浮空节点 126
2025-08-11 15:02:47,204 - INFO - 跳过浮空节点 134
2025-08-11 15:02:47,795 - INFO - 跳过浮空节点 140
2025-08-11 15:02:47,933 - INFO - 跳过浮空节点 142
2025-08-11 15:02:48,299 - INFO - 跳过浮空节点 146
2025-08-11 15:02:48,652 - INFO - 跳过浮空节点 150
2025-08-11 15:02:48,769 - INFO - 跳过浮空节点 152
2025-08-11 15:02:49,140 - INFO - 跳过浮空节点 156
2025-08-11 15:02:49,489 - INFO - 跳过浮空节点 160
2025-08-11 15:02:49,605 - INFO - 跳过浮空节点 162
2025-08-11 15:02:49,995 - INFO - 跳过浮空节点 166
2025-08-11 15:02:50,343 - INFO - 跳过浮空节点 170
2025-08-11 15:02:51,165 - INFO - 跳过浮空节点 178
2025-08-11 15:02:51,533 - INFO - 跳过浮空节点 182
2025-08-11 15:02:51,649 - INFO - 跳过浮空节点 184
2025-08-11 15:02:52,244 - INFO - 跳过浮空节点 190
2025-08-11 15:02:52,359 - INFO - 跳过浮空节点 192
2025-08-11 15:02:53,179 - INFO - 跳过浮空节点 200
2025-08-11 15:02:53,292 - INFO - 跳过浮空节点 202
2025-08-11 15:02:54,138 - INFO - 跳过浮空节点 210
2025-08-11 15:02:55,211 - INFO - 跳过浮空节点 220
2025-08-11 15:02:55,786 - INFO - 跳过浮空节点 226
2025-08-11 15:02:55,947 - INFO - 跳过浮空节点 228
2025-08-11 15:02:57,015 - INFO - 跳过浮空节点 238
2025-08-11 15:02:57,130 - INFO - 跳过浮空节点 240
2025-08-11 15:02:58,464 - INFO - 跳过浮空节点 252
2025-08-11 15:02:58,579 - INFO - 跳过浮空节点 254
2025-08-11 15:02:59,923 - INFO - 跳过浮空节点 266
2025-08-11 15:03:01,252 - INFO - 跳过浮空节点 278
2025-08-11 15:03:01,600 - INFO - 跳过浮空节点 282
2025-08-11 15:03:01,718 - INFO - 跳过浮空节点 284
2025-08-11 15:03:02,544 - INFO - 跳过浮空节点 292
2025-08-11 15:03:02,658 - INFO - 跳过浮空节点 294
2025-08-11 15:03:03,749 - INFO - 跳过浮空节点 304
2025-08-11 15:03:03,869 - INFO - 跳过浮空节点 306
2025-08-11 15:03:03,989 - INFO - 跳过浮空节点 308
2025-08-11 15:03:05,053 - INFO - 跳过浮空节点 318
2025-08-11 15:03:05,418 - INFO - 跳过浮空节点 322
2025-08-11 15:03:06,254 - INFO - 跳过浮空节点 330
2025-08-11 15:03:06,600 - INFO - 跳过浮空节点 334
2025-08-11 15:03:06,717 - INFO - 跳过浮空节点 336
2025-08-11 15:03:06,854 - INFO - 跳过浮空节点 338
2025-08-11 15:03:07,545 - INFO - 跳过浮空节点 345
2025-08-11 15:03:07,548 - INFO - 跳过浮空节点 346
2025-08-11 15:03:07,686 - INFO - 跳过浮空节点 348
2025-08-11 15:03:08,658 - INFO - 跳过浮空节点 357
2025-08-11 15:03:08,659 - INFO - 跳过浮空节点 358
2025-08-11 15:03:08,774 - INFO - 跳过浮空节点 360
2025-08-11 15:03:08,775 - INFO - 跳过浮空节点 361
2025-08-11 15:03:09,712 - INFO - 跳过浮空节点 370
2025-08-11 15:03:10,097 - INFO - 跳过浮空节点 374
2025-08-11 15:03:10,560 - INFO - 跳过浮空节点 379
2025-08-11 15:03:10,927 - INFO - 跳过浮空节点 383
2025-08-11 15:03:10,929 - INFO - 跳过浮空节点 384
2025-08-11 15:03:11,045 - INFO - 跳过浮空节点 386
2025-08-11 15:03:11,507 - INFO - 跳过浮空节点 391
2025-08-11 15:03:11,508 - INFO - 跳过浮空节点 392
2025-08-11 15:03:11,644 - INFO - 跳过浮空节点 394
2025-08-11 15:03:12,375 - INFO - 跳过浮空节点 401
2025-08-11 15:03:12,376 - INFO - 跳过浮空节点 402
2025-08-11 15:03:12,491 - INFO - 跳过浮空节点 404
2025-08-11 15:03:12,611 - INFO - 跳过浮空节点 406
2025-08-11 15:03:12,614 - INFO - 跳过浮空节点 407
2025-08-11 15:03:13,544 - INFO - 跳过浮空节点 416
2025-08-11 15:03:13,660 - INFO - 跳过浮空节点 418
2025-08-11 15:03:14,045 - INFO - 跳过浮空节点 422
2025-08-11 15:03:14,514 - INFO - 跳过浮空节点 427
2025-08-11 15:03:14,631 - INFO - 跳过浮空节点 429
2025-08-11 15:03:15,000 - INFO - 跳过浮空节点 433
2025-08-11 15:03:15,002 - INFO - 跳过浮空节点 434
2025-08-11 15:03:15,721 - INFO - 跳过浮空节点 441
2025-08-11 15:03:15,722 - INFO - 跳过浮空节点 442
2025-08-11 15:03:16,689 - INFO - 跳过浮空节点 451
2025-08-11 15:03:16,690 - INFO - 跳过浮空节点 452
2025-08-11 15:03:16,809 - INFO - 跳过浮空节点 454
2025-08-11 15:03:16,812 - INFO - 跳过浮空节点 455
2025-08-11 15:03:18,023 - INFO - 跳过浮空节点 466
2025-08-11 15:03:18,143 - INFO - 跳过浮空节点 468
2025-08-11 15:03:18,144 - INFO - 跳过浮空节点 469
2025-08-11 15:03:18,610 - INFO - 跳过浮空节点 474
2025-08-11 15:03:18,728 - INFO - 跳过浮空节点 476
2025-08-11 15:03:18,729 - INFO - 跳过浮空节点 477
2025-08-11 15:03:19,216 - INFO - 跳过浮空节点 482
2025-08-11 15:03:20,172 - INFO - 跳过浮空节点 491
2025-08-11 15:03:20,174 - INFO - 跳过浮空节点 492
2025-08-11 15:03:20,290 - INFO - 跳过浮空节点 494
2025-08-11 15:03:21,504 - INFO - 跳过浮空节点 505
2025-08-11 15:03:21,506 - INFO - 跳过浮空节点 506
2025-08-11 15:03:22,235 - INFO - 跳过浮空节点 513
2025-08-11 15:03:22,237 - INFO - 跳过浮空节点 514
2025-08-11 15:03:22,238 - INFO - 跳过浮空节点 515
2025-08-11 15:03:22,705 - INFO - 跳过浮空节点 520
2025-08-11 15:03:22,707 - INFO - 跳过浮空节点 521
2025-08-11 15:03:23,431 - INFO - 跳过浮空节点 528
2025-08-11 15:03:23,433 - INFO - 跳过浮空节点 529
2025-08-11 15:03:23,434 - INFO - 跳过浮空节点 530
2025-08-11 15:03:23,436 - INFO - 跳过浮空节点 531
2025-08-11 15:03:24,159 - INFO - 跳过浮空节点 538
2025-08-11 15:03:24,160 - INFO - 跳过浮空节点 539
2025-08-11 15:03:24,162 - INFO - 跳过浮空节点 540
2025-08-11 15:03:24,416 - INFO - 跳过浮空节点 543
2025-08-11 15:03:24,418 - INFO - 跳过浮空节点 544
2025-08-11 15:03:24,419 - INFO - 跳过浮空节点 545
2025-08-11 15:03:24,420 - INFO - 跳过浮空节点 546
2025-08-11 15:03:24,422 - INFO - 跳过浮空节点 547
2025-08-11 15:03:24,663 - INFO - 跳过浮空节点 550
2025-08-11 15:03:24,664 - INFO - 跳过浮空节点 551
2025-08-11 15:03:24,666 - INFO - 跳过浮空节点 552
2025-08-11 15:03:25,134 - INFO - 跳过浮空节点 557
2025-08-11 15:03:25,135 - INFO - 跳过浮空节点 558
2025-08-11 15:03:25,136 - INFO - 跳过浮空节点 559
2025-08-11 15:03:25,138 - INFO - 跳过浮空节点 560
2025-08-11 15:03:25,139 - INFO - 跳过浮空节点 561
2025-08-11 15:03:25,637 - INFO - 跳过浮空节点 566
2025-08-11 15:03:25,639 - INFO - 跳过浮空节点 567
2025-08-11 15:03:25,641 - INFO - 跳过浮空节点 568
2025-08-11 15:03:25,897 - INFO - 跳过浮空节点 571
2025-08-11 15:03:25,899 - INFO - 跳过浮空节点 572
2025-08-11 15:03:25,900 - INFO - 跳过浮空节点 573
2025-08-11 15:03:25,902 - INFO - 跳过浮空节点 574
2025-08-11 15:03:25,903 - INFO - 跳过浮空节点 575
2025-08-11 15:03:26,158 - INFO - 跳过浮空节点 578
2025-08-11 15:03:26,160 - INFO - 跳过浮空节点 579
2025-08-11 15:03:26,162 - INFO - 跳过浮空节点 580
2025-08-11 15:03:26,397 - INFO - 跳过浮空节点 583
2025-08-11 15:03:26,399 - INFO - 跳过浮空节点 584
2025-08-11 15:03:26,401 - INFO - 跳过浮空节点 585
2025-08-11 15:03:26,402 - INFO - 跳过浮空节点 586
2025-08-11 15:03:26,404 - INFO - 跳过浮空节点 587
2025-08-11 15:03:26,643 - INFO - 跳过浮空节点 590
2025-08-11 15:03:26,645 - INFO - 跳过浮空节点 591
2025-08-11 15:03:26,646 - INFO - 跳过浮空节点 592
2025-08-11 15:03:26,649 - INFO - 跳过浮空节点 593
2025-08-11 15:03:26,650 - INFO - 跳过浮空节点 594
2025-08-11 15:03:26,651 - INFO - 跳过浮空节点 595
2025-08-11 15:03:26,653 - INFO - 跳过浮空节点 596
2025-08-11 15:03:26,654 - INFO - 跳过浮空节点 597
2025-08-11 15:03:27,145 - INFO - 跳过浮空节点 602
2025-08-11 15:03:27,146 - INFO - 跳过浮空节点 603
2025-08-11 15:03:27,147 - INFO - 跳过浮空节点 604
2025-08-11 15:03:27,614 - INFO - 跳过浮空节点 609
2025-08-11 15:03:27,616 - INFO - 跳过浮空节点 610
2025-08-11 15:03:27,618 - INFO - 跳过浮空节点 611
2025-08-11 15:03:27,619 - INFO - 跳过浮空节点 612
2025-08-11 15:03:27,621 - INFO - 跳过浮空节点 613
2025-08-11 15:03:28,112 - INFO - 跳过浮空节点 618
2025-08-11 15:03:28,114 - INFO - 跳过浮空节点 619
2025-08-11 15:03:28,115 - INFO - 跳过浮空节点 620
2025-08-11 15:03:28,117 - INFO - 跳过浮空节点 621
2025-08-11 15:03:28,118 - INFO - 跳过浮空节点 622
2025-08-11 15:03:28,119 - INFO - 跳过浮空节点 623
2025-08-11 15:03:28,121 - INFO - 跳过浮空节点 624
2025-08-11 15:03:28,122 - INFO - 跳过浮空节点 625
2025-08-11 15:03:28,357 - INFO - 跳过浮空节点 628
2025-08-11 15:03:28,359 - INFO - 跳过浮空节点 629
2025-08-11 15:03:28,361 - INFO - 跳过浮空节点 630
2025-08-11 15:03:28,614 - INFO - 跳过浮空节点 633
2025-08-11 15:05:00,596 - INFO - 跳过浮空节点 1385
2025-08-11 15:05:22,013 - INFO - 跳过浮空节点 1555
2025-08-11 15:30:00,140 - INFO - 跳过浮空节点 9840
2025-08-11 15:30:38,991 - INFO - 跳过浮空节点 10006
2025-08-11 15:32:50,399 - INFO - 跳过浮空节点 10559
2025-08-11 15:33:12,251 - INFO - 跳过浮空节点 10648
2025-08-11 15:33:12,783 - INFO - 跳过浮空节点 10651
2025-08-11 15:33:13,048 - INFO - 跳过浮空节点 10653
2025-08-11 15:33:13,318 - INFO - 跳过浮空节点 10655
2025-08-11 15:33:13,612 - INFO - 跳过浮空节点 10657
2025-08-11 15:33:14,393 - INFO - 跳过浮空节点 10661
2025-08-11 15:33:15,192 - INFO - 跳过浮空节点 10665
2025-08-11 15:33:22,925 - INFO - 跳过浮空节点 10698
2025-08-11 15:33:27,300 - INFO - 跳过浮空节点 10717
2025-08-11 15:33:28,736 - INFO - 跳过浮空节点 10724
2025-08-11 15:33:33,046 - INFO - 跳过浮空节点 10743
2025-08-11 15:33:33,090 - INFO - 跳过浮空节点 10744
2025-08-11 15:33:33,133 - INFO - 跳过浮空节点 10745
2025-08-11 15:33:33,679 - INFO - 跳过浮空节点 10748
2025-08-11 15:33:33,741 - INFO - 跳过浮空节点 10749
2025-08-11 15:33:33,803 - INFO - 跳过浮空节点 10750
2025-08-11 15:33:33,866 - INFO - 跳过浮空节点 10751
2025-08-11 15:34:57,572 - INFO - 跳过浮空节点 11092
2025-08-11 15:34:59,644 - INFO - 跳过浮空节点 11102
2025-08-11 15:35:18,877 - INFO - 跳过浮空节点 11183
2025-08-11 15:35:40,298 - INFO - 跳过浮空节点 11277
2025-08-11 15:35:48,266 - INFO - 跳过浮空节点 11311
2025-08-11 15:35:49,016 - INFO - 跳过浮空节点 11315
2025-08-11 15:35:49,492 - INFO - 跳过浮空节点 11318
2025-08-11 15:35:50,493 - INFO - 跳过浮空节点 11323
2025-08-11 15:36:23,516 - INFO - 跳过浮空节点 11466
2025-08-11 15:37:09,751 - INFO - 跳过浮空节点 11661
2025-08-11 15:37:09,813 - INFO - 跳过浮空节点 11662
2025-08-11 15:37:28,035 - INFO - 跳过浮空节点 11740
2025-08-11 15:37:33,358 - INFO - 跳过浮空节点 11764
2025-08-11 15:37:37,597 - INFO - 跳过浮空节点 11783
2025-08-11 15:37:40,026 - INFO - 跳过浮空节点 11794
2025-08-11 15:37:49,005 - INFO - 跳过浮空节点 11833
2025-08-11 15:37:49,779 - INFO - 跳过浮空节点 11837
2025-08-11 15:37:53,606 - INFO - 跳过浮空节点 11854
2025-08-11 15:37:58,073 - INFO - 跳过浮空节点 11874
2025-08-11 15:38:24,915 - INFO - 跳过浮空节点 11987
2025-08-11 15:38:26,416 - INFO - 跳过浮空节点 11994
2025-08-11 15:39:40,474 - INFO - 跳过浮空节点 12310
2025-08-11 15:39:47,433 - INFO - 跳过浮空节点 12341
2025-08-11 15:39:55,046 - INFO - 跳过浮空节点 12374
2025-08-11 15:40:04,489 - INFO - 跳过浮空节点 12415
2025-08-11 15:40:06,724 - INFO - 跳过浮空节点 12425
2025-08-11 15:41:57,363 - INFO - 跳过浮空节点 12899
2025-08-11 15:41:59,546 - INFO - 跳过浮空节点 12909
2025-08-11 15:42:02,194 - INFO - 跳过浮空节点 12921
2025-08-11 15:42:04,370 - INFO - 跳过浮空节点 12931
2025-08-11 15:42:27,454 - INFO - 跳过浮空节点 13031
2025-08-11 15:42:27,969 - INFO - 跳过浮空节点 13034
2025-08-11 15:42:29,908 - INFO - 跳过浮空节点 13043
2025-08-11 15:42:30,647 - INFO - 跳过浮空节点 13047
2025-08-11 15:42:32,537 - INFO - 跳过浮空节点 13056
2025-08-11 15:42:34,846 - INFO - 跳过浮空节点 13067
2025-08-11 15:42:35,356 - INFO - 跳过浮空节点 13070
2025-08-11 15:42:35,418 - INFO - 跳过浮空节点 13071
2025-08-11 15:42:35,725 - INFO - 跳过浮空节点 13073
2025-08-11 15:42:42,439 - INFO - 跳过浮空节点 13101
2025-08-11 15:42:42,946 - INFO - 跳过浮空节点 13104
2025-08-11 15:42:45,883 - INFO - 跳过浮空节点 13117
2025-08-11 15:42:49,052 - INFO - 跳过浮空节点 13131
2025-08-11 15:44:49,944 - INFO - 跳过浮空节点 13659
2025-08-11 15:44:50,245 - INFO - 跳过浮空节点 13661
2025-08-11 15:44:50,530 - INFO - 跳过浮空节点 13663
2025-08-11 15:44:50,795 - INFO - 跳过浮空节点 13665
2025-08-11 15:44:51,493 - INFO - 跳过浮空节点 13669
2025-08-11 15:44:51,787 - INFO - 跳过浮空节点 13671
2025-08-11 15:44:51,850 - INFO - 跳过浮空节点 13672
2025-08-11 15:44:52,166 - INFO - 跳过浮空节点 13674
2025-08-11 15:44:52,894 - INFO - 跳过浮空节点 13678
2025-08-11 15:44:53,399 - INFO - 跳过浮空节点 13681
2025-08-11 15:44:53,694 - INFO - 跳过浮空节点 13683
2025-08-11 15:44:54,004 - INFO - 跳过浮空节点 13685
2025-08-11 15:44:54,300 - INFO - 跳过浮空节点 13687
2025-08-11 15:44:55,731 - INFO - 跳过浮空节点 13694
2025-08-11 15:45:01,689 - INFO - 跳过浮空节点 13720
2025-08-11 15:45:04,069 - INFO - 跳过浮空节点 13731
2025-08-11 15:45:04,382 - INFO - 跳过浮空节点 13733
2025-08-11 15:45:05,337 - INFO - 跳过浮空节点 13738
2025-08-11 15:45:05,869 - INFO - 跳过浮空节点 13741
2025-08-11 15:45:05,933 - INFO - 跳过浮空节点 13742
2025-08-11 15:45:07,824 - INFO - 跳过浮空节点 13751
2025-08-11 15:45:08,130 - INFO - 跳过浮空节点 13753
2025-08-11 15:45:12,364 - INFO - 跳过浮空节点 13772
2025-08-11 15:45:15,175 - INFO - 跳过浮空节点 13785
2025-08-11 15:45:17,807 - INFO - 跳过浮空节点 13797
2025-08-11 15:45:20,678 - INFO - 跳过浮空节点 13810
2025-08-11 15:45:20,742 - INFO - 跳过浮空节点 13811
2025-08-11 15:45:21,055 - INFO - 跳过浮空节点 13813
2025-08-11 15:45:21,534 - INFO - 跳过浮空节点 13816
2025-08-11 15:47:06,663 - INFO - 跳过浮空节点 14273
2025-08-11 15:47:06,726 - INFO - 跳过浮空节点 14274
2025-08-11 15:47:07,466 - INFO - 跳过浮空节点 14278
2025-08-11 15:47:07,510 - INFO - 跳过浮空节点 14279
2025-08-11 15:47:07,553 - INFO - 跳过浮空节点 14280
2025-08-11 15:47:07,597 - INFO - 跳过浮空节点 14281
2025-08-11 15:47:08,120 - INFO - 跳过浮空节点 14284
2025-08-11 15:47:08,869 - INFO - 跳过浮空节点 14288
2025-08-11 15:47:09,392 - INFO - 跳过浮空节点 14291
2025-08-11 15:47:09,857 - INFO - 跳过浮空节点 14294
2025-08-11 15:47:10,378 - INFO - 跳过浮空节点 14297
2025-08-11 15:47:14,442 - INFO - 跳过浮空节点 14315
2025-08-11 15:47:18,009 - INFO - 跳过浮空节点 14331
2025-08-11 15:47:18,516 - INFO - 跳过浮空节点 14334
2025-08-11 15:47:19,598 - INFO - 跳过浮空节点 14340
2025-08-11 15:47:20,120 - INFO - 跳过浮空节点 14343
2025-08-11 15:47:23,858 - INFO - 跳过浮空节点 14360
2025-08-11 15:47:23,936 - INFO - 跳过浮空节点 14361
2025-08-11 15:47:45,043 - INFO - 跳过浮空节点 14455
2025-08-11 15:48:45,730 - INFO - 跳过浮空节点 14718
2025-08-11 15:49:01,218 - INFO - 跳过浮空节点 14786
2025-08-11 15:49:20,016 - INFO - 跳过浮空节点 14870
2025-08-11 15:49:20,079 - INFO - 跳过浮空节点 14871
2025-08-11 15:49:20,142 - INFO - 跳过浮空节点 14872
2025-08-11 15:49:20,656 - INFO - 跳过浮空节点 14875
2025-08-11 15:49:20,700 - INFO - 跳过浮空节点 14876
2025-08-11 15:49:21,144 - INFO - 跳过浮空节点 14879
2025-08-11 15:49:21,678 - INFO - 跳过浮空节点 14882
2025-08-11 15:49:24,564 - INFO - 跳过浮空节点 14895
2025-08-11 15:49:31,436 - INFO - 跳过浮空节点 14926
2025-08-11 15:49:32,209 - INFO - 跳过浮空节点 14930
2025-08-11 15:51:05,450 - INFO - 跳过浮空节点 15337
2025-08-11 15:51:08,309 - INFO - 跳过浮空节点 15350
2025-08-11 15:51:16,540 - INFO - 跳过浮空节点 15386
2025-08-11 15:51:26,737 - INFO - 跳过浮空节点 15431
2025-08-11 15:51:45,273 - INFO - 跳过浮空节点 15512
2025-08-11 15:52:45,135 - INFO - 跳过浮空节点 15770
2025-08-11 15:52:47,736 - INFO - 跳过浮空节点 15782
2025-08-11 15:52:50,109 - INFO - 跳过浮空节点 15793
2025-08-11 15:52:52,241 - INFO - 跳过浮空节点 15803
2025-08-11 15:53:03,047 - INFO - 跳过浮空节点 15850
2025-08-11 15:53:08,958 - INFO - 跳过浮空节点 15877
2025-08-11 15:53:15,812 - INFO - 跳过浮空节点 15908
2025-08-11 15:53:17,015 - INFO - 跳过浮空节点 15914
2025-08-11 15:53:20,585 - INFO - 跳过浮空节点 15930
2025-08-11 15:53:24,183 - INFO - 跳过浮空节点 15946
2025-08-11 15:53:38,583 - INFO - 跳过浮空节点 16009
2025-08-11 15:53:39,324 - INFO - 跳过浮空节点 16013
2025-08-11 15:53:39,555 - INFO - 跳过浮空节点 16015
2025-08-11 15:53:39,598 - INFO - 跳过浮空节点 16016
2025-08-11 15:53:39,642 - INFO - 跳过浮空节点 16017
2025-08-11 15:53:39,686 - INFO - 跳过浮空节点 16018
2025-08-11 15:53:39,730 - INFO - 跳过浮空节点 16019
2025-08-11 15:53:39,774 - INFO - 跳过浮空节点 16020
2025-08-11 15:53:39,817 - INFO - 跳过浮空节点 16021
2025-08-11 15:53:39,862 - INFO - 跳过浮空节点 16022
2025-08-11 15:53:39,907 - INFO - 跳过浮空节点 16023
2025-08-11 15:53:39,950 - INFO - 跳过浮空节点 16024
2025-08-11 15:53:39,994 - INFO - 跳过浮空节点 16025
2025-08-11 15:53:40,038 - INFO - 跳过浮空节点 16026
2025-08-11 15:53:40,082 - INFO - 跳过浮空节点 16027
2025-08-11 15:53:40,126 - INFO - 跳过浮空节点 16028
2025-08-11 15:53:40,170 - INFO - 跳过浮空节点 16029
2025-08-11 15:53:40,213 - INFO - 跳过浮空节点 16030
2025-08-11 15:53:40,257 - INFO - 跳过浮空节点 16031
2025-08-11 15:53:40,301 - INFO - 跳过浮空节点 16032
2025-08-11 15:53:40,345 - INFO - 跳过浮空节点 16033
2025-08-11 15:53:40,389 - INFO - 跳过浮空节点 16034
2025-08-11 15:53:40,433 - INFO - 跳过浮空节点 16035
2025-08-11 15:53:40,476 - INFO - 跳过浮空节点 16036
2025-08-11 15:53:40,519 - INFO - 跳过浮空节点 16037
2025-08-11 15:53:40,563 - INFO - 跳过浮空节点 16038
2025-08-11 15:53:40,607 - INFO - 跳过浮空节点 16039
2025-08-11 15:53:40,651 - INFO - 跳过浮空节点 16040
2025-08-11 15:53:40,695 - INFO - 跳过浮空节点 16041
2025-08-11 15:53:40,739 - INFO - 跳过浮空节点 16042
2025-08-11 15:53:40,783 - INFO - 跳过浮空节点 16043
2025-08-11 15:53:40,827 - INFO - 跳过浮空节点 16044
2025-08-11 15:53:40,871 - INFO - 跳过浮空节点 16045
2025-08-11 15:53:40,915 - INFO - 跳过浮空节点 16046
2025-08-11 15:53:40,959 - INFO - 跳过浮空节点 16047
2025-08-11 15:53:41,003 - INFO - 跳过浮空节点 16048
2025-08-11 15:53:41,048 - INFO - 跳过浮空节点 16049
2025-08-11 15:53:41,091 - INFO - 跳过浮空节点 16050
2025-08-11 15:53:41,135 - INFO - 跳过浮空节点 16051
2025-08-11 15:53:41,179 - INFO - 跳过浮空节点 16052
2025-08-11 15:53:41,225 - INFO - 跳过浮空节点 16053
2025-08-11 15:53:41,269 - INFO - 跳过浮空节点 16054
2025-08-11 15:53:41,313 - INFO - 跳过浮空节点 16055
2025-08-11 15:53:41,357 - INFO - 跳过浮空节点 16056
2025-08-11 15:53:41,401 - INFO - 跳过浮空节点 16057
2025-08-11 15:53:41,659 - INFO - 跳过浮空节点 16059
2025-08-11 15:53:41,703 - INFO - 跳过浮空节点 16060
2025-08-11 16:23:22,493 - INFO - 跳过浮空节点 24830
2025-08-11 16:23:22,536 - INFO - 跳过浮空节点 24831
2025-08-11 16:23:22,786 - INFO - 跳过浮空节点 24833
2025-08-11 16:23:22,848 - INFO - 跳过浮空节点 24834
2025-08-11 16:23:22,911 - INFO - 跳过浮空节点 24835
2025-08-11 16:23:22,973 - INFO - 跳过浮空节点 24836
2025-08-11 16:23:23,036 - INFO - 跳过浮空节点 24837
2025-08-11 16:23:23,097 - INFO - 跳过浮空节点 24838
2025-08-11 16:23:23,159 - INFO - 跳过浮空节点 24839
2025-08-11 16:23:23,432 - INFO - 跳过浮空节点 24841
2025-08-11 16:23:23,475 - INFO - 跳过浮空节点 24842
2025-08-11 16:23:23,518 - INFO - 跳过浮空节点 24843
2025-08-11 16:23:23,561 - INFO - 跳过浮空节点 24844
2025-08-11 16:23:23,806 - INFO - 跳过浮空节点 24846
2025-08-11 16:23:23,849 - INFO - 跳过浮空节点 24847
2025-08-11 16:23:23,894 - INFO - 跳过浮空节点 24848
2025-08-11 16:23:24,119 - INFO - 跳过浮空节点 24850
2025-08-11 16:23:24,162 - INFO - 跳过浮空节点 24851
2025-08-11 16:23:24,205 - INFO - 跳过浮空节点 24852
2025-08-11 16:23:24,249 - INFO - 跳过浮空节点 24853
2025-08-11 16:23:24,489 - INFO - 跳过浮空节点 24855
2025-08-11 16:23:24,926 - INFO - 跳过浮空节点 24858
2025-08-11 16:23:24,989 - INFO - 跳过浮空节点 24859
2025-08-11 16:23:25,278 - INFO - 跳过浮空节点 24861
2025-08-11 16:23:25,341 - INFO - 跳过浮空节点 24862
2025-08-11 16:24:52,720 - INFO - 跳过浮空节点 25286
2025-08-11 16:24:58,016 - INFO - 跳过浮空节点 25312
2025-08-11 16:26:38,423 - INFO - 跳过浮空节点 25798
2025-08-11 16:26:43,733 - INFO - 跳过浮空节点 25824
2025-08-11 16:26:49,512 - INFO - 跳过浮空节点 25852
2025-08-11 16:26:54,809 - INFO - 跳过浮空节点 25878
2025-08-11 16:28:38,226 - INFO - 跳过浮空节点 26379
2025-08-11 16:28:44,568 - INFO - 跳过浮空节点 26410
2025-08-11 16:28:50,235 - INFO - 跳过浮空节点 26438
2025-08-11 16:28:56,131 - INFO - 跳过浮空节点 26467
2025-08-11 16:30:35,961 - INFO - 跳过浮空节点 26953
2025-08-11 16:30:41,865 - INFO - 跳过浮空节点 26982
2025-08-11 16:30:47,483 - INFO - 跳过浮空节点 27010
2025-08-11 16:30:53,372 - INFO - 跳过浮空节点 27039
2025-08-11 16:32:31,277 - INFO - 跳过浮空节点 27520
2025-08-11 16:32:37,123 - INFO - 跳过浮空节点 27549
2025-08-11 16:32:42,551 - INFO - 跳过浮空节点 27576
2025-08-11 16:32:48,391 - INFO - 跳过浮空节点 27605
2025-08-11 16:34:27,625 - INFO - 跳过浮空节点 28096
2025-08-11 16:34:33,194 - INFO - 跳过浮空节点 28124
2025-08-11 16:34:39,020 - INFO - 跳过浮空节点 28153
2025-08-11 16:34:44,611 - INFO - 跳过浮空节点 28181
2025-08-11 16:36:21,909 - INFO - 跳过浮空节点 28681
2025-08-11 16:36:27,422 - INFO - 跳过浮空节点 28709
2025-08-11 16:36:33,257 - INFO - 跳过浮空节点 28738
2025-08-11 16:36:38,819 - INFO - 跳过浮空节点 28766
2025-08-11 16:38:18,895 - INFO - 跳过浮空节点 29266
2025-08-11 16:38:24,262 - INFO - 跳过浮空节点 29293
2025-08-11 16:38:29,810 - INFO - 跳过浮空节点 29321
2025-08-11 16:38:34,917 - INFO - 跳过浮空节点 29347
2025-08-11 16:40:11,216 - INFO - 跳过浮空节点 29830
2025-08-11 16:40:16,297 - INFO - 跳过浮空节点 29856
2025-08-11 16:41:34,595 - INFO - 跳过浮空节点 30251
2025-08-11 16:41:34,638 - INFO - 跳过浮空节点 30252
2025-08-11 16:41:34,681 - INFO - 跳过浮空节点 30253
2025-08-11 16:41:34,923 - INFO - 跳过浮空节点 30255
2025-08-11 16:41:35,360 - INFO - 跳过浮空节点 30258
2025-08-11 16:41:35,403 - INFO - 跳过浮空节点 30259
2025-08-11 16:41:35,661 - INFO - 跳过浮空节点 30261
2025-08-11 16:41:35,724 - INFO - 跳过浮空节点 30262
2025-08-11 16:41:36,003 - INFO - 跳过浮空节点 30264
2025-08-11 16:41:36,066 - INFO - 跳过浮空节点 30265
2025-08-11 16:41:36,713 - INFO - 跳过浮空节点 30269
2025-08-11 16:41:36,957 - INFO - 跳过浮空节点 30271
2025-08-11 16:41:37,221 - INFO - 跳过浮空节点 30273
2025-08-11 16:41:37,847 - INFO - 跳过浮空节点 30277
2025-08-11 16:41:38,134 - INFO - 跳过浮空节点 30279
2025-08-11 16:41:38,375 - INFO - 跳过浮空节点 30281
2025-08-11 16:41:39,022 - INFO - 跳过浮空节点 30285
2025-08-11 16:41:39,084 - INFO - 跳过浮空节点 30286
2025-08-11 16:41:39,354 - INFO - 跳过浮空节点 30288
2025-08-11 16:41:39,397 - INFO - 跳过浮空节点 30289
2025-08-11 16:41:39,824 - INFO - 跳过浮空节点 30292
2025-08-11 16:41:39,887 - INFO - 跳过浮空节点 30293
2025-08-11 16:41:40,344 - INFO - 跳过浮空节点 30296
2025-08-11 16:41:40,764 - INFO - 跳过浮空节点 30299
2025-08-11 16:41:40,826 - INFO - 跳过浮空节点 30300
2025-08-11 16:41:40,888 - INFO - 跳过浮空节点 30301
2025-08-11 16:41:40,951 - INFO - 跳过浮空节点 30302
2025-08-11 16:41:52,984 - INFO - 跳过浮空节点 30362
2025-08-11 16:42:05,165 - INFO - 跳过浮空节点 30422
2025-08-11 16:42:17,427 - INFO - 跳过浮空节点 30482
2025-08-11 16:42:23,536 - INFO - 跳过浮空节点 30512
2025-08-11 16:42:29,688 - INFO - 跳过浮空节点 30542
2025-08-11 16:42:35,826 - INFO - 跳过浮空节点 30572
2025-08-11 16:42:41,994 - INFO - 跳过浮空节点 30602
2025-08-11 16:42:54,836 - INFO - 跳过浮空节点 30662
2025-08-11 16:43:01,133 - INFO - 跳过浮空节点 30692
2025-08-11 16:43:07,461 - INFO - 跳过浮空节点 30722
2025-08-11 16:43:13,826 - INFO - 跳过浮空节点 30752
2025-08-11 16:43:20,266 - INFO - 跳过浮空节点 30782
2025-08-11 16:43:26,685 - INFO - 跳过浮空节点 30812
2025-08-11 16:43:33,144 - INFO - 跳过浮空节点 30842
2025-08-11 16:43:39,381 - INFO - 跳过浮空节点 30871
2025-08-11 16:43:45,690 - INFO - 跳过浮空节点 30900
2025-08-11 16:43:45,745 - INFO - 跳过浮空节点 30901
2025-08-11 16:43:45,797 - INFO - 跳过浮空节点 30902
2025-08-11 16:43:45,849 - INFO - 跳过浮空节点 30903
2025-08-11 16:43:45,899 - INFO - 跳过浮空节点 30904
2025-08-11 16:43:45,951 - INFO - 跳过浮空节点 30905
2025-08-11 16:43:46,001 - INFO - 跳过浮空节点 30906
2025-08-11 16:43:46,052 - INFO - 跳过浮空节点 30907
2025-08-11 16:43:46,103 - INFO - 跳过浮空节点 30908
2025-08-11 16:43:46,153 - INFO - 跳过浮空节点 30909
2025-08-11 16:43:46,204 - INFO - 跳过浮空节点 30910
2025-08-11 16:43:46,255 - INFO - 跳过浮空节点 30911
2025-08-11 16:45:08,263 - INFO - 跳过浮空节点 31177
2025-08-11 16:45:08,405 - INFO - 跳过浮空节点 31178
2025-08-11 16:45:08,842 - INFO - 跳过浮空节点 31180
2025-08-11 16:45:09,333 - INFO - 跳过浮空节点 31182
2025-08-11 16:45:09,797 - INFO - 跳过浮空节点 31184
2025-08-11 16:45:10,948 - INFO - 跳过浮空节点 31188
2025-08-11 16:45:11,077 - INFO - Total reduction time: 6181.7105 seconds
2025-08-11 16:47:45,051 - INFO - Namespace(circuit=1, port_num=2000, threshold=1)
2025-08-11 16:47:45,058 - INFO - Circuit : 1
2025-08-11 16:47:48,227 - INFO - Original order size: 54265
2025-08-11 16:47:48,228 - INFO - Reduced order size: 23076
2025-08-11 16:47:48,228 - INFO - SIP time: 3.167039155960083
2025-08-11 16:49:30,154 - INFO - Namespace(circuit=1, port_num=2000, threshold=1)
2025-08-11 16:49:30,161 - INFO - Circuit : 1
2025-08-11 16:49:33,408 - INFO - Original order size: 54265
2025-08-11 16:49:33,408 - INFO - Reduced order size: 23076
2025-08-11 16:49:33,408 - INFO - SIP time: 3.2438011169433594
2025-08-11 16:50:07,886 - INFO - Namespace(circuit=1, port_num=2000, threshold=1)
2025-08-11 16:50:07,893 - INFO - Circuit : 1
2025-08-11 16:50:11,248 - INFO - Original order size: 54265
2025-08-11 16:50:11,248 - INFO - Reduced order size: 23076
2025-08-11 16:50:11,249 - INFO - SIP time: 3.352463483810425
2025-08-11 16:53:00,539 - INFO - Namespace(circuit=1, port_num=2000, threshold=1)
2025-08-11 16:53:00,546 - INFO - Circuit : 1
2025-08-11 16:53:27,231 - INFO - Namespace(circuit=1, port_num=2000, threshold=1)
2025-08-11 16:53:27,238 - INFO - Circuit : 1
2025-08-11 16:59:30,430 - INFO - Namespace(circuit=1, port_num=2000, threshold=1)
2025-08-11 16:59:30,437 - INFO - Circuit : 1
2025-08-11 16:59:33,600 - INFO - Original order size: 54265
2025-08-11 16:59:33,600 - INFO - Reduced order size: 23076
2025-08-11 16:59:33,600 - INFO - SIP time: 3.159759283065796
2025-08-11 17:00:49,043 - INFO - Namespace(circuit=1, port_num=2000, threshold=1)
2025-08-11 17:00:49,050 - INFO - Circuit : 1
2025-08-11 17:01:27,304 - INFO - Namespace(circuit=1, port_num=2000, threshold=1)
2025-08-11 17:01:27,311 - INFO - Circuit : 1
2025-08-11 17:02:07,038 - INFO - Namespace(circuit=1, port_num=2000, threshold=1)
2025-08-11 17:02:07,046 - INFO - Circuit : 1
2025-08-11 17:02:10,538 - INFO - Original order size: 54265
2025-08-11 17:02:10,538 - INFO - Reduced order size: 23076
2025-08-11 17:02:10,538 - INFO - SIP time: 3.489305257797241
2025-08-11 17:06:36,647 - INFO - Namespace(circuit=1, port_num=2000, threshold=1)
2025-08-11 17:06:36,655 - INFO - Circuit : 1
2025-08-12 11:31:30,816 - INFO - Namespace(circuit=1, port_num=2000, threshold=1)
2025-08-12 11:31:30,823 - INFO - Circuit : 1
2025-08-12 11:34:04,267 - INFO - Namespace(circuit=1, port_num=2000, threshold=1)
2025-08-12 11:34:04,274 - INFO - Circuit : 1
2025-08-12 11:34:30,758 - INFO - Permutation time: 24.08254861831665
2025-08-12 11:34:31,245 - INFO - 跳过浮空节点 4
2025-08-12 11:34:31,852 - INFO - 跳过浮空节点 10
2025-08-12 11:34:32,944 - INFO - 跳过浮空节点 20
2025-08-12 11:35:27,986 - INFO - Namespace(circuit=1, port_num=2000, threshold=1)
2025-08-12 11:35:27,992 - INFO - Circuit : 1
2025-08-12 11:35:53,125 - INFO - Permutation time: 24.025096893310547
2025-08-12 11:35:53,492 - INFO - 跳过浮空节点 4
2025-08-12 11:35:53,923 - INFO - 跳过浮空节点 10
2025-08-12 11:35:54,707 - INFO - 跳过浮空节点 20
2025-08-12 11:35:55,134 - INFO - 跳过浮空节点 26
2025-08-12 11:35:55,730 - INFO - 跳过浮空节点 34
2025-08-12 11:35:56,498 - INFO - 跳过浮空节点 44
2025-08-12 11:35:57,096 - INFO - 跳过浮空节点 52
2025-08-12 11:35:57,873 - INFO - 跳过浮空节点 62
2025-08-12 11:35:58,325 - INFO - 跳过浮空节点 68
2025-08-12 11:35:58,925 - INFO - 跳过浮空节点 76
2025-08-12 11:35:59,528 - INFO - 跳过浮空节点 84
2025-08-12 11:35:59,973 - INFO - 跳过浮空节点 90
2025-08-12 11:36:00,563 - INFO - 跳过浮空节点 98
2025-08-12 11:36:00,978 - INFO - 跳过浮空节点 104
2025-08-12 11:36:01,583 - INFO - 跳过浮空节点 112
2025-08-12 11:36:02,176 - INFO - 跳过浮空节点 120
2025-08-12 11:36:02,592 - INFO - 跳过浮空节点 126
2025-08-12 11:36:03,208 - INFO - 跳过浮空节点 134
2025-08-12 11:36:03,627 - INFO - 跳过浮空节点 140
2025-08-12 11:36:03,709 - INFO - 跳过浮空节点 142
2025-08-12 11:36:04,006 - INFO - 跳过浮空节点 146
2025-08-12 11:36:04,259 - INFO - 跳过浮空节点 150
2025-08-12 11:36:04,359 - INFO - 跳过浮空节点 152
2025-08-12 11:36:04,612 - INFO - 跳过浮空节点 156
2025-08-12 11:36:04,883 - INFO - 跳过浮空节点 160
2025-08-12 11:36:04,970 - INFO - 跳过浮空节点 162
2025-08-12 11:36:05,226 - INFO - 跳过浮空节点 166
2025-08-12 11:36:05,495 - INFO - 跳过浮空节点 170
2025-08-12 11:36:06,105 - INFO - 跳过浮空节点 178
2025-08-12 11:36:06,357 - INFO - 跳过浮空节点 182
2025-08-12 11:36:06,441 - INFO - 跳过浮空节点 184
2025-08-12 11:36:06,884 - INFO - 跳过浮空节点 190
2025-08-12 11:36:06,970 - INFO - 跳过浮空节点 192
2025-08-12 11:36:07,577 - INFO - 跳过浮空节点 200
2025-08-12 11:36:07,680 - INFO - 跳过浮空节点 202
2025-08-12 11:36:08,294 - INFO - 跳过浮空节点 210
2025-08-12 11:36:09,077 - INFO - 跳过浮空节点 220
2025-08-12 11:36:09,526 - INFO - 跳过浮空节点 226
2025-08-12 11:36:09,613 - INFO - 跳过浮空节点 228
2025-08-12 11:36:10,397 - INFO - 跳过浮空节点 238
2025-08-12 11:36:10,498 - INFO - 跳过浮空节点 240
2025-08-12 11:36:11,447 - INFO - 跳过浮空节点 252
2025-08-12 11:36:11,548 - INFO - 跳过浮空节点 254
2025-08-12 11:36:12,512 - INFO - 跳过浮空节点 266
2025-08-12 11:36:13,477 - INFO - 跳过浮空节点 278
2025-08-12 11:36:13,728 - INFO - 跳过浮空节点 282
2025-08-12 11:36:13,833 - INFO - 跳过浮空节点 284
2025-08-12 11:36:14,466 - INFO - 跳过浮空节点 292
2025-08-12 11:36:14,553 - INFO - 跳过浮空节点 294
2025-08-12 11:36:15,329 - INFO - 跳过浮空节点 304
2025-08-12 11:36:15,416 - INFO - 跳过浮空节点 306
2025-08-12 11:36:15,502 - INFO - 跳过浮空节点 308
2025-08-12 11:36:16,314 - INFO - 跳过浮空节点 318
2025-08-12 11:36:16,566 - INFO - 跳过浮空节点 322
2025-08-12 11:36:17,173 - INFO - 跳过浮空节点 330
2025-08-12 11:36:17,445 - INFO - 跳过浮空节点 334
2025-08-12 11:36:17,533 - INFO - 跳过浮空节点 336
2025-08-12 11:36:17,618 - INFO - 跳过浮空节点 338
2025-08-12 11:36:18,162 - INFO - 跳过浮空节点 345
2025-08-12 11:36:18,164 - INFO - 跳过浮空节点 346
2025-08-12 11:36:18,251 - INFO - 跳过浮空节点 348
2025-08-12 11:36:18,947 - INFO - 跳过浮空节点 357
2025-08-12 11:36:18,949 - INFO - 跳过浮空节点 358
2025-08-12 11:36:19,034 - INFO - 跳过浮空节点 360
2025-08-12 11:36:19,035 - INFO - 跳过浮空节点 361
2025-08-12 11:36:19,744 - INFO - 跳过浮空节点 370
2025-08-12 11:36:20,020 - INFO - 跳过浮空节点 374
2025-08-12 11:36:20,373 - INFO - 跳过浮空节点 379
2025-08-12 11:36:20,625 - INFO - 跳过浮空节点 383
2025-08-12 11:36:20,626 - INFO - 跳过浮空节点 384
2025-08-12 11:36:20,711 - INFO - 跳过浮空节点 386
2025-08-12 11:36:21,071 - INFO - 跳过浮空节点 391
2025-08-12 11:36:21,072 - INFO - 跳过浮空节点 392
2025-08-12 11:36:21,157 - INFO - 跳过浮空节点 394
2025-08-12 11:36:21,680 - INFO - 跳过浮空节点 401
2025-08-12 11:36:21,682 - INFO - 跳过浮空节点 402
2025-08-12 11:36:21,768 - INFO - 跳过浮空节点 404
2025-08-12 11:36:21,853 - INFO - 跳过浮空节点 406
2025-08-12 11:36:21,855 - INFO - 跳过浮空节点 407
2025-08-12 11:36:22,564 - INFO - 跳过浮空节点 416
2025-08-12 11:36:22,667 - INFO - 跳过浮空节点 418
2025-08-12 11:36:22,924 - INFO - 跳过浮空节点 422
2025-08-12 11:36:23,278 - INFO - 跳过浮空节点 427
2025-08-12 11:36:23,368 - INFO - 跳过浮空节点 429
2025-08-12 11:36:23,625 - INFO - 跳过浮空节点 433
2025-08-12 11:36:23,627 - INFO - 跳过浮空节点 434
2025-08-12 11:36:24,175 - INFO - 跳过浮空节点 441
2025-08-12 11:36:24,176 - INFO - 跳过浮空节点 442
2025-08-12 11:36:24,869 - INFO - 跳过浮空节点 451
2025-08-12 11:36:24,871 - INFO - 跳过浮空节点 452
2025-08-12 11:36:24,956 - INFO - 跳过浮空节点 454
2025-08-12 11:36:24,958 - INFO - 跳过浮空节点 455
2025-08-12 11:36:25,830 - INFO - 跳过浮空节点 466
2025-08-12 11:36:25,933 - INFO - 跳过浮空节点 468
2025-08-12 11:36:25,934 - INFO - 跳过浮空节点 469
2025-08-12 11:36:26,289 - INFO - 跳过浮空节点 474
2025-08-12 11:36:26,375 - INFO - 跳过浮空节点 476
2025-08-12 11:36:26,377 - INFO - 跳过浮空节点 477
2025-08-12 11:36:26,718 - INFO - 跳过浮空节点 482
2025-08-12 11:36:27,432 - INFO - 跳过浮空节点 491
2025-08-12 11:36:27,435 - INFO - 跳过浮空节点 492
2025-08-12 11:36:27,522 - INFO - 跳过浮空节点 494
2025-08-12 11:36:28,406 - INFO - 跳过浮空节点 505
2025-08-12 11:36:28,407 - INFO - 跳过浮空节点 506
2025-08-12 11:36:28,934 - INFO - 跳过浮空节点 513
2025-08-12 11:36:28,936 - INFO - 跳过浮空节点 514
2025-08-12 11:36:28,938 - INFO - 跳过浮空节点 515
2025-08-12 11:36:29,298 - INFO - 跳过浮空节点 520
2025-08-12 11:36:29,300 - INFO - 跳过浮空节点 521
2025-08-12 11:36:29,835 - INFO - 跳过浮空节点 528
2025-08-12 11:36:29,836 - INFO - 跳过浮空节点 529
2025-08-12 11:36:29,838 - INFO - 跳过浮空节点 530
2025-08-12 11:36:29,839 - INFO - 跳过浮空节点 531
2025-08-12 11:36:30,391 - INFO - 跳过浮空节点 538
2025-08-12 11:36:30,394 - INFO - 跳过浮空节点 539
2025-08-12 11:36:30,396 - INFO - 跳过浮空节点 540
2025-08-12 11:36:30,569 - INFO - 跳过浮空节点 543
2025-08-12 11:36:30,571 - INFO - 跳过浮空节点 544
2025-08-12 11:36:30,573 - INFO - 跳过浮空节点 545
2025-08-12 11:36:30,574 - INFO - 跳过浮空节点 546
2025-08-12 11:36:30,576 - INFO - 跳过浮空节点 547
2025-08-12 11:36:30,748 - INFO - 跳过浮空节点 550
2025-08-12 11:36:30,750 - INFO - 跳过浮空节点 551
2025-08-12 11:36:30,752 - INFO - 跳过浮空节点 552
2025-08-12 11:36:31,114 - INFO - 跳过浮空节点 557
2025-08-12 11:36:31,115 - INFO - 跳过浮空节点 558
2025-08-12 11:36:31,117 - INFO - 跳过浮空节点 559
2025-08-12 11:36:31,119 - INFO - 跳过浮空节点 560
2025-08-12 11:36:31,121 - INFO - 跳过浮空节点 561
2025-08-12 11:36:31,460 - INFO - 跳过浮空节点 566
2025-08-12 11:36:31,462 - INFO - 跳过浮空节点 567
2025-08-12 11:36:31,464 - INFO - 跳过浮空节点 568
2025-08-12 11:36:31,651 - INFO - 跳过浮空节点 571
2025-08-12 11:36:31,652 - INFO - 跳过浮空节点 572
2025-08-12 11:36:31,654 - INFO - 跳过浮空节点 573
2025-08-12 11:36:31,655 - INFO - 跳过浮空节点 574
2025-08-12 11:36:31,656 - INFO - 跳过浮空节点 575
2025-08-12 11:36:31,826 - INFO - 跳过浮空节点 578
2025-08-12 11:36:31,827 - INFO - 跳过浮空节点 579
2025-08-12 11:36:31,829 - INFO - 跳过浮空节点 580
2025-08-12 11:36:31,999 - INFO - 跳过浮空节点 583
2025-08-12 11:36:32,001 - INFO - 跳过浮空节点 584
2025-08-12 11:36:32,002 - INFO - 跳过浮空节点 585
2025-08-12 11:36:32,004 - INFO - 跳过浮空节点 586
2025-08-12 11:36:32,005 - INFO - 跳过浮空节点 587
2025-08-12 11:36:32,195 - INFO - 跳过浮空节点 590
2025-08-12 11:36:32,196 - INFO - 跳过浮空节点 591
2025-08-12 11:36:32,198 - INFO - 跳过浮空节点 592
2025-08-12 11:36:32,199 - INFO - 跳过浮空节点 593
2025-08-12 11:36:32,202 - INFO - 跳过浮空节点 594
2025-08-12 11:36:32,203 - INFO - 跳过浮空节点 595
2025-08-12 11:36:32,205 - INFO - 跳过浮空节点 596
2025-08-12 11:36:32,206 - INFO - 跳过浮空节点 597
2025-08-12 11:36:32,548 - INFO - 跳过浮空节点 602
2025-08-12 11:36:32,549 - INFO - 跳过浮空节点 603
2025-08-12 11:36:32,551 - INFO - 跳过浮空节点 604
2025-08-12 11:36:32,912 - INFO - 跳过浮空节点 609
2025-08-12 11:36:32,914 - INFO - 跳过浮空节点 610
2025-08-12 11:36:32,916 - INFO - 跳过浮空节点 611
2025-08-12 11:36:32,917 - INFO - 跳过浮空节点 612
2025-08-12 11:36:32,920 - INFO - 跳过浮空节点 613
2025-08-12 11:36:33,269 - INFO - 跳过浮空节点 618
2025-08-12 11:36:33,271 - INFO - 跳过浮空节点 619
2025-08-12 11:36:33,272 - INFO - 跳过浮空节点 620
2025-08-12 11:36:33,273 - INFO - 跳过浮空节点 621
2025-08-12 11:36:33,275 - INFO - 跳过浮空节点 622
2025-08-12 11:36:33,277 - INFO - 跳过浮空节点 623
2025-08-12 11:36:33,278 - INFO - 跳过浮空节点 624
2025-08-12 11:36:33,279 - INFO - 跳过浮空节点 625
2025-08-12 11:36:33,474 - INFO - 跳过浮空节点 628
2025-08-12 11:36:33,476 - INFO - 跳过浮空节点 629
2025-08-12 11:36:33,477 - INFO - 跳过浮空节点 630
2025-08-12 11:36:33,649 - INFO - 跳过浮空节点 633
2025-08-12 11:37:42,177 - INFO - 跳过浮空节点 1385
2025-08-12 11:37:58,881 - INFO - 跳过浮空节点 1555
2025-08-12 12:04:57,162 - INFO - 跳过浮空节点 9840
2025-08-12 12:05:47,984 - INFO - 跳过浮空节点 10006
2025-08-12 12:08:44,623 - INFO - 跳过浮空节点 10559
2025-08-12 12:09:14,158 - INFO - 跳过浮空节点 10648
2025-08-12 12:09:14,888 - INFO - 跳过浮空节点 10651
2025-08-12 12:09:15,267 - INFO - 跳过浮空节点 10653
2025-08-12 12:09:15,717 - INFO - 跳过浮空节点 10655
2025-08-12 12:09:16,186 - INFO - 跳过浮空节点 10657
2025-08-12 12:09:17,382 - INFO - 跳过浮空节点 10661
2025-08-12 12:09:18,400 - INFO - 跳过浮空节点 10665
2025-08-12 12:09:29,128 - INFO - 跳过浮空节点 10698
2025-08-12 12:09:35,168 - INFO - 跳过浮空节点 10717
2025-08-12 12:09:37,187 - INFO - 跳过浮空节点 10724
2025-08-12 12:09:43,305 - INFO - 跳过浮空节点 10743
2025-08-12 12:09:43,409 - INFO - 跳过浮空节点 10744
2025-08-12 12:09:43,499 - INFO - 跳过浮空节点 10745
2025-08-12 12:09:44,200 - INFO - 跳过浮空节点 10748
2025-08-12 12:09:44,277 - INFO - 跳过浮空节点 10749
2025-08-12 12:09:44,404 - INFO - 跳过浮空节点 10750
2025-08-12 12:09:44,525 - INFO - 跳过浮空节点 10751
2025-08-12 12:11:34,374 - INFO - 跳过浮空节点 11092
2025-08-12 12:11:37,346 - INFO - 跳过浮空节点 11102
2025-08-12 12:12:03,182 - INFO - 跳过浮空节点 11183
2025-08-12 12:12:33,517 - INFO - 跳过浮空节点 11277
2025-08-12 12:12:44,143 - INFO - 跳过浮空节点 11311
2025-08-12 12:12:45,167 - INFO - 跳过浮空节点 11315
2025-08-12 12:12:45,889 - INFO - 跳过浮空节点 11318
2025-08-12 12:12:47,224 - INFO - 跳过浮空节点 11323
2025-08-12 12:13:32,494 - INFO - 跳过浮空节点 11466
2025-08-12 12:14:35,258 - INFO - 跳过浮空节点 11661
2025-08-12 12:14:35,364 - INFO - 跳过浮空节点 11662
2025-08-12 12:15:00,308 - INFO - 跳过浮空节点 11740
2025-08-12 12:15:07,954 - INFO - 跳过浮空节点 11764
2025-08-12 12:15:13,609 - INFO - 跳过浮空节点 11783
2025-08-12 12:15:16,764 - INFO - 跳过浮空节点 11794
2025-08-12 12:15:29,209 - INFO - 跳过浮空节点 11833
2025-08-12 12:15:30,336 - INFO - 跳过浮空节点 11837
2025-08-12 12:15:35,582 - INFO - 跳过浮空节点 11854
2025-08-12 12:15:41,654 - INFO - 跳过浮空节点 11874
2025-08-12 12:16:17,371 - INFO - 跳过浮空节点 11987
2025-08-12 12:16:19,345 - INFO - 跳过浮空节点 11994
2025-08-12 12:18:00,202 - INFO - 跳过浮空节点 12310
2025-08-12 12:18:10,035 - INFO - 跳过浮空节点 12341
2025-08-12 12:18:20,581 - INFO - 跳过浮空节点 12374
2025-08-12 12:18:33,523 - INFO - 跳过浮空节点 12415
2025-08-12 12:18:36,537 - INFO - 跳过浮空节点 12425
2025-08-12 12:21:08,810 - INFO - 跳过浮空节点 12899
2025-08-12 12:21:11,775 - INFO - 跳过浮空节点 12909
2025-08-12 12:21:15,285 - INFO - 跳过浮空节点 12921
2025-08-12 12:21:18,117 - INFO - 跳过浮空节点 12931
2025-08-12 12:21:50,398 - INFO - 跳过浮空节点 13031
2025-08-12 12:21:51,083 - INFO - 跳过浮空节点 13034
2025-08-12 12:21:53,773 - INFO - 跳过浮空节点 13043
2025-08-12 12:21:54,877 - INFO - 跳过浮空节点 13047
2025-08-12 12:21:57,505 - INFO - 跳过浮空节点 13056
2025-08-12 12:22:00,783 - INFO - 跳过浮空节点 13067
2025-08-12 12:22:01,580 - INFO - 跳过浮空节点 13070
2025-08-12 12:22:01,689 - INFO - 跳过浮空节点 13071
2025-08-12 12:22:02,102 - INFO - 跳过浮空节点 13073
2025-08-12 12:22:11,049 - INFO - 跳过浮空节点 13101
2025-08-12 12:22:11,908 - INFO - 跳过浮空节点 13104
2025-08-12 12:22:15,984 - INFO - 跳过浮空节点 13117
2025-08-12 12:22:20,101 - INFO - 跳过浮空节点 13131
2025-08-12 12:25:09,037 - INFO - 跳过浮空节点 13659
2025-08-12 12:25:09,464 - INFO - 跳过浮空节点 13661
2025-08-12 12:25:09,870 - INFO - 跳过浮空节点 13663
2025-08-12 12:25:10,300 - INFO - 跳过浮空节点 13665
2025-08-12 12:25:11,328 - INFO - 跳过浮空节点 13669
2025-08-12 12:25:11,798 - INFO - 跳过浮空节点 13671
2025-08-12 12:25:11,922 - INFO - 跳过浮空节点 13672
2025-08-12 12:25:12,358 - INFO - 跳过浮空节点 13674
2025-08-12 12:25:13,418 - INFO - 跳过浮空节点 13678
2025-08-12 12:25:14,122 - INFO - 跳过浮空节点 13681
2025-08-12 12:25:14,573 - INFO - 跳过浮空节点 13683
2025-08-12 12:25:15,035 - INFO - 跳过浮空节点 13685
2025-08-12 12:25:15,436 - INFO - 跳过浮空节点 13687
2025-08-12 12:25:17,454 - INFO - 跳过浮空节点 13694
2025-08-12 12:25:25,738 - INFO - 跳过浮空节点 13720
2025-08-12 12:25:29,047 - INFO - 跳过浮空节点 13731
2025-08-12 12:25:29,519 - INFO - 跳过浮空节点 13733
2025-08-12 12:25:30,934 - INFO - 跳过浮空节点 13738
2025-08-12 12:25:31,613 - INFO - 跳过浮空节点 13741
2025-08-12 12:25:31,716 - INFO - 跳过浮空节点 13742
2025-08-12 12:25:34,409 - INFO - 跳过浮空节点 13751
2025-08-12 12:25:34,826 - INFO - 跳过浮空节点 13753
2025-08-12 12:25:40,727 - INFO - 跳过浮空节点 13772
2025-08-12 12:25:44,608 - INFO - 跳过浮空节点 13785
2025-08-12 12:25:48,321 - INFO - 跳过浮空节点 13797
2025-08-12 12:25:52,332 - INFO - 跳过浮空节点 13810
2025-08-12 12:25:52,413 - INFO - 跳过浮空节点 13811
2025-08-12 12:25:52,811 - INFO - 跳过浮空节点 13813
2025-08-12 12:25:53,526 - INFO - 跳过浮空节点 13816
2025-08-12 12:28:20,043 - INFO - 跳过浮空节点 14273
2025-08-12 12:28:20,168 - INFO - 跳过浮空节点 14274
2025-08-12 12:28:21,284 - INFO - 跳过浮空节点 14278
2025-08-12 12:28:21,390 - INFO - 跳过浮空节点 14279
2025-08-12 12:28:21,479 - INFO - 跳过浮空节点 14280
2025-08-12 12:28:21,561 - INFO - 跳过浮空节点 14281
2025-08-12 12:28:22,261 - INFO - 跳过浮空节点 14284
2025-08-12 12:28:23,412 - INFO - 跳过浮空节点 14288
2025-08-12 12:28:24,128 - INFO - 跳过浮空节点 14291
2025-08-12 12:28:24,883 - INFO - 跳过浮空节点 14294
2025-08-12 12:28:25,614 - INFO - 跳过浮空节点 14297
2025-08-12 12:28:31,266 - INFO - 跳过浮空节点 14315
2025-08-12 12:28:36,212 - INFO - 跳过浮空节点 14331
2025-08-12 12:28:36,976 - INFO - 跳过浮空节点 14334
2025-08-12 12:28:38,673 - INFO - 跳过浮空节点 14340
2025-08-12 12:28:39,424 - INFO - 跳过浮空节点 14343
2025-08-12 12:28:44,514 - INFO - 跳过浮空节点 14360
2025-08-12 12:28:44,639 - INFO - 跳过浮空节点 14361
2025-08-12 12:29:14,412 - INFO - 跳过浮空节点 14455
2025-08-12 12:30:37,801 - INFO - 跳过浮空节点 14718
2025-08-12 12:30:59,678 - INFO - 跳过浮空节点 14786
2025-08-12 12:31:27,051 - INFO - 跳过浮空节点 14870
2025-08-12 12:31:27,160 - INFO - 跳过浮空节点 14871
2025-08-12 12:31:27,267 - INFO - 跳过浮空节点 14872
2025-08-12 12:31:28,069 - INFO - 跳过浮空节点 14875
2025-08-12 12:31:28,154 - INFO - 跳过浮空节点 14876
2025-08-12 12:31:28,882 - INFO - 跳过浮空节点 14879
2025-08-12 12:31:29,604 - INFO - 跳过浮空节点 14882
2025-08-12 12:31:33,750 - INFO - 跳过浮空节点 14895
2025-08-12 12:31:43,693 - INFO - 跳过浮空节点 14926
2025-08-12 12:31:44,738 - INFO - 跳过浮空节点 14930
2025-08-12 12:33:55,516 - INFO - 跳过浮空节点 15337
2025-08-12 12:33:59,635 - INFO - 跳过浮空节点 15350
2025-08-12 12:34:11,011 - INFO - 跳过浮空节点 15386
2025-08-12 12:34:25,250 - INFO - 跳过浮空节点 15431
2025-08-12 12:34:51,185 - INFO - 跳过浮空节点 15512
2025-08-12 12:36:13,055 - INFO - 跳过浮空节点 15770
2025-08-12 12:36:16,704 - INFO - 跳过浮空节点 15782
2025-08-12 12:36:20,103 - INFO - 跳过浮空节点 15793
2025-08-12 12:36:23,153 - INFO - 跳过浮空节点 15803
2025-08-12 12:36:38,163 - INFO - 跳过浮空节点 15850
2025-08-12 12:36:46,697 - INFO - 跳过浮空节点 15877
2025-08-12 12:36:56,314 - INFO - 跳过浮空节点 15908
2025-08-12 12:36:58,021 - INFO - 跳过浮空节点 15914
2025-08-12 12:37:02,809 - INFO - 跳过浮空节点 15930
2025-08-12 12:37:07,756 - INFO - 跳过浮空节点 15946
2025-08-12 12:37:27,870 - INFO - 跳过浮空节点 16009
2025-08-12 12:37:28,938 - INFO - 跳过浮空节点 16013
2025-08-12 12:37:29,382 - INFO - 跳过浮空节点 16015
2025-08-12 12:37:29,491 - INFO - 跳过浮空节点 16016
2025-08-12 12:37:29,576 - INFO - 跳过浮空节点 16017
2025-08-12 12:37:29,681 - INFO - 跳过浮空节点 16018
2025-08-12 12:37:29,770 - INFO - 跳过浮空节点 16019
2025-08-12 12:37:29,856 - INFO - 跳过浮空节点 16020
2025-08-12 12:37:29,990 - INFO - 跳过浮空节点 16021
2025-08-12 12:37:30,074 - INFO - 跳过浮空节点 16022
2025-08-12 12:37:30,178 - INFO - 跳过浮空节点 16023
2025-08-12 12:37:30,264 - INFO - 跳过浮空节点 16024
2025-08-12 12:37:30,368 - INFO - 跳过浮空节点 16025
2025-08-12 12:37:30,452 - INFO - 跳过浮空节点 16026
2025-08-12 12:37:30,552 - INFO - 跳过浮空节点 16027
2025-08-12 12:37:30,640 - INFO - 跳过浮空节点 16028
2025-08-12 12:37:30,725 - INFO - 跳过浮空节点 16029
2025-08-12 12:37:30,810 - INFO - 跳过浮空节点 16030
2025-08-12 12:37:30,933 - INFO - 跳过浮空节点 16031
2025-08-12 12:37:31,042 - INFO - 跳过浮空节点 16032
2025-08-12 12:37:31,126 - INFO - 跳过浮空节点 16033
2025-08-12 12:37:31,230 - INFO - 跳过浮空节点 16034
2025-08-12 12:37:31,314 - INFO - 跳过浮空节点 16035
2025-08-12 12:37:31,415 - INFO - 跳过浮空节点 16036
2025-08-12 12:37:31,503 - INFO - 跳过浮空节点 16037
2025-08-12 12:37:31,587 - INFO - 跳过浮空节点 16038
2025-08-12 12:37:31,672 - INFO - 跳过浮空节点 16039
2025-08-12 12:37:31,795 - INFO - 跳过浮空节点 16040
2025-08-12 12:37:31,910 - INFO - 跳过浮空节点 16041
2025-08-12 12:37:32,001 - INFO - 跳过浮空节点 16042
2025-08-12 12:37:32,106 - INFO - 跳过浮空节点 16043
2025-08-12 12:37:32,190 - INFO - 跳过浮空节点 16044
2025-08-12 12:37:32,290 - INFO - 跳过浮空节点 16045
2025-08-12 12:37:32,380 - INFO - 跳过浮空节点 16046
2025-08-12 12:37:32,464 - INFO - 跳过浮空节点 16047
2025-08-12 12:37:32,549 - INFO - 跳过浮空节点 16048
2025-08-12 12:37:32,672 - INFO - 跳过浮空节点 16049
2025-08-12 12:37:32,781 - INFO - 跳过浮空节点 16050
2025-08-12 12:37:32,866 - INFO - 跳过浮空节点 16051
2025-08-12 12:37:32,971 - INFO - 跳过浮空节点 16052
2025-08-12 12:37:33,055 - INFO - 跳过浮空节点 16053
2025-08-12 12:37:33,159 - INFO - 跳过浮空节点 16054
2025-08-12 12:37:33,248 - INFO - 跳过浮空节点 16055
2025-08-12 12:37:33,335 - INFO - 跳过浮空节点 16056
2025-08-12 12:37:33,457 - INFO - 跳过浮空节点 16057
2025-08-12 12:37:33,844 - INFO - 跳过浮空节点 16059
2025-08-12 12:37:33,941 - INFO - 跳过浮空节点 16060
2025-08-12 13:22:49,532 - INFO - 跳过浮空节点 24830
2025-08-12 13:22:49,641 - INFO - 跳过浮空节点 24831
2025-08-12 13:22:50,018 - INFO - 跳过浮空节点 24833
2025-08-12 13:22:50,107 - INFO - 跳过浮空节点 24834
2025-08-12 13:22:50,213 - INFO - 跳过浮空节点 24835
2025-08-12 13:22:50,326 - INFO - 跳过浮空节点 24836
2025-08-12 13:22:50,410 - INFO - 跳过浮空节点 24837
2025-08-12 13:22:50,514 - INFO - 跳过浮空节点 24838
2025-08-12 13:22:50,622 - INFO - 跳过浮空节点 24839
2025-08-12 13:22:51,010 - INFO - 跳过浮空节点 24841
2025-08-12 13:22:51,098 - INFO - 跳过浮空节点 24842
2025-08-12 13:22:51,202 - INFO - 跳过浮空节点 24843
2025-08-12 13:22:51,315 - INFO - 跳过浮空节点 24844
2025-08-12 13:22:51,710 - INFO - 跳过浮空节点 24846
2025-08-12 13:22:51,809 - INFO - 跳过浮空节点 24847
2025-08-12 13:22:51,921 - INFO - 跳过浮空节点 24848
2025-08-12 13:22:52,291 - INFO - 跳过浮空节点 24850
2025-08-12 13:22:52,374 - INFO - 跳过浮空节点 24851
2025-08-12 13:22:52,485 - INFO - 跳过浮空节点 24852
2025-08-12 13:22:52,569 - INFO - 跳过浮空节点 24853
2025-08-12 13:22:52,971 - INFO - 跳过浮空节点 24855
2025-08-12 13:22:53,711 - INFO - 跳过浮空节点 24858
2025-08-12 13:22:53,822 - INFO - 跳过浮空节点 24859
2025-08-12 13:22:54,212 - INFO - 跳过浮空节点 24861
2025-08-12 13:22:54,324 - INFO - 跳过浮空节点 24862
2025-08-12 13:25:02,512 - INFO - 跳过浮空节点 25286
2025-08-12 13:25:10,249 - INFO - 跳过浮空节点 25312
2025-08-12 13:27:37,342 - INFO - 跳过浮空节点 25798
2025-08-12 13:27:45,095 - INFO - 跳过浮空节点 25824
2025-08-12 13:27:53,395 - INFO - 跳过浮空节点 25852
2025-08-12 13:28:01,054 - INFO - 跳过浮空节点 25878
2025-08-12 13:30:32,748 - INFO - 跳过浮空节点 26379
2025-08-12 13:30:41,891 - INFO - 跳过浮空节点 26410
2025-08-12 13:30:50,229 - INFO - 跳过浮空节点 26438
2025-08-12 13:30:58,823 - INFO - 跳过浮空节点 26467
2025-08-12 13:33:24,000 - INFO - 跳过浮空节点 26953
2025-08-12 13:33:32,381 - INFO - 跳过浮空节点 26982
2025-08-12 13:33:40,438 - INFO - 跳过浮空节点 27010
2025-08-12 13:33:49,047 - INFO - 跳过浮空节点 27039
2025-08-12 13:36:11,824 - INFO - 跳过浮空节点 27520
2025-08-12 13:36:20,527 - INFO - 跳过浮空节点 27549
2025-08-12 13:36:28,469 - INFO - 跳过浮空节点 27576
2025-08-12 13:36:37,090 - INFO - 跳过浮空节点 27605
2025-08-12 13:39:02,511 - INFO - 跳过浮空节点 28096
2025-08-12 13:39:10,749 - INFO - 跳过浮空节点 28124
2025-08-12 13:39:19,006 - INFO - 跳过浮空节点 28153
2025-08-12 13:39:27,307 - INFO - 跳过浮空节点 28181
2025-08-12 13:41:54,729 - INFO - 跳过浮空节点 28681
2025-08-12 13:42:02,629 - INFO - 跳过浮空节点 28709
2025-08-12 13:42:11,195 - INFO - 跳过浮空节点 28738
2025-08-12 13:42:19,049 - INFO - 跳过浮空节点 28766
2025-08-12 13:44:47,437 - INFO - 跳过浮空节点 29266
2025-08-12 13:44:55,413 - INFO - 跳过浮空节点 29293
2025-08-12 13:45:03,715 - INFO - 跳过浮空节点 29321
2025-08-12 13:45:11,192 - INFO - 跳过浮空节点 29347
2025-08-12 13:47:36,659 - INFO - 跳过浮空节点 29830
2025-08-12 13:47:44,281 - INFO - 跳过浮空节点 29856
2025-08-12 13:49:41,843 - INFO - 跳过浮空节点 30251
2025-08-12 13:49:41,969 - INFO - 跳过浮空节点 30252
2025-08-12 13:49:42,082 - INFO - 跳过浮空节点 30253
2025-08-12 13:49:42,463 - INFO - 跳过浮空节点 30255
2025-08-12 13:49:43,105 - INFO - 跳过浮空节点 30258
2025-08-12 13:49:43,192 - INFO - 跳过浮空节点 30259
2025-08-12 13:49:43,605 - INFO - 跳过浮空节点 30261
2025-08-12 13:49:43,731 - INFO - 跳过浮空节点 30262
2025-08-12 13:49:44,138 - INFO - 跳过浮空节点 30264
2025-08-12 13:49:44,247 - INFO - 跳过浮空节点 30265
2025-08-12 13:49:45,170 - INFO - 跳过浮空节点 30269
2025-08-12 13:49:45,529 - INFO - 跳过浮空节点 30271
2025-08-12 13:49:45,945 - INFO - 跳过浮空节点 30273
2025-08-12 13:49:47,055 - INFO - 跳过浮空节点 30277
2025-08-12 13:49:47,525 - INFO - 跳过浮空节点 30279
2025-08-12 13:49:47,950 - INFO - 跳过浮空节点 30281
2025-08-12 13:49:48,968 - INFO - 跳过浮空节点 30285
2025-08-12 13:49:49,077 - INFO - 跳过浮空节点 30286
2025-08-12 13:49:49,514 - INFO - 跳过浮空节点 30288
2025-08-12 13:49:49,627 - INFO - 跳过浮空节点 30289
2025-08-12 13:49:50,358 - INFO - 跳过浮空节点 30292
2025-08-12 13:49:50,440 - INFO - 跳过浮空节点 30293
2025-08-12 13:49:51,166 - INFO - 跳过浮空节点 30296
2025-08-12 13:49:51,883 - INFO - 跳过浮空节点 30299
2025-08-12 13:49:51,970 - INFO - 跳过浮空节点 30300
2025-08-12 13:49:52,097 - INFO - 跳过浮空节点 30301
2025-08-12 13:49:52,222 - INFO - 跳过浮空节点 30302
2025-08-12 13:50:09,920 - INFO - 跳过浮空节点 30362
2025-08-12 13:50:27,811 - INFO - 跳过浮空节点 30422
2025-08-12 13:50:45,989 - INFO - 跳过浮空节点 30482
2025-08-12 13:50:54,983 - INFO - 跳过浮空节点 30512
2025-08-12 13:51:04,348 - INFO - 跳过浮空节点 30542
2025-08-12 13:51:13,499 - INFO - 跳过浮空节点 30572
2025-08-12 13:51:22,989 - INFO - 跳过浮空节点 30602
2025-08-12 13:51:42,304 - INFO - 跳过浮空节点 30662
2025-08-12 13:51:51,702 - INFO - 跳过浮空节点 30692
2025-08-12 13:52:01,142 - INFO - 跳过浮空节点 30722
2025-08-12 13:52:10,907 - INFO - 跳过浮空节点 30752
2025-08-12 13:52:20,531 - INFO - 跳过浮空节点 30782
2025-08-12 13:52:30,172 - INFO - 跳过浮空节点 30812
2025-08-12 13:52:39,878 - INFO - 跳过浮空节点 30842
2025-08-12 13:52:49,690 - INFO - 跳过浮空节点 30871
2025-08-12 13:52:58,964 - INFO - 跳过浮空节点 30900
2025-08-12 13:52:59,060 - INFO - 跳过浮空节点 30901
2025-08-12 13:52:59,155 - INFO - 跳过浮空节点 30902
2025-08-12 13:52:59,255 - INFO - 跳过浮空节点 30903
2025-08-12 13:52:59,352 - INFO - 跳过浮空节点 30904
2025-08-12 13:52:59,457 - INFO - 跳过浮空节点 30905
2025-08-12 13:52:59,558 - INFO - 跳过浮空节点 30906
2025-08-12 13:52:59,682 - INFO - 跳过浮空节点 30907
2025-08-12 13:52:59,787 - INFO - 跳过浮空节点 30908
2025-08-12 13:52:59,887 - INFO - 跳过浮空节点 30909
2025-08-12 13:52:59,996 - INFO - 跳过浮空节点 30910
2025-08-12 13:53:00,086 - INFO - 跳过浮空节点 30911
2025-08-12 13:54:28,463 - INFO - 跳过浮空节点 31177
2025-08-12 13:54:28,558 - INFO - 跳过浮空节点 31178
2025-08-12 13:54:29,004 - INFO - 跳过浮空节点 31180
2025-08-12 13:54:29,506 - INFO - 跳过浮空节点 31182
2025-08-12 13:54:29,998 - INFO - 跳过浮空节点 31184
2025-08-12 13:54:31,043 - INFO - 跳过浮空节点 31188
2025-08-12 13:54:31,136 - INFO - Total reduction time: 8342.0354 seconds
2025-08-12 13:54:34,623 - INFO - Original order size: 54265
2025-08-12 13:54:34,623 - INFO - Reduced order size: 23076
2025-08-12 13:54:34,623 - INFO - SIP time: 8346.628805398941
2025-08-12 16:13:29,179 - INFO - Namespace(circuit=1, port_num=2000, threshold=1)
2025-08-12 16:13:29,187 - INFO - Circuit : 1
2025-08-12 16:23:09,393 - INFO - Original order size: 54265
2025-08-12 16:23:09,891 - INFO - Reduced order size: 23076
2025-08-12 16:23:11,007 - INFO - SIP time: 581.2833817005157
2025-08-12 16:23:35,705 - INFO - Namespace(circuit=1, port_num=2000, threshold=1)
2025-08-12 16:23:35,712 - INFO - Circuit : 1
2025-08-12 16:23:38,590 - INFO - Original order size: 54265
2025-08-12 16:23:38,590 - INFO - Reduced order size: 23076
2025-08-12 16:23:38,590 - INFO - SIP time: 2.8756561279296875
2025-08-12 16:28:16,406 - INFO - Namespace(circuit=1, port_num=2000, threshold=1)
2025-08-12 16:28:16,413 - INFO - Circuit : 1
2025-08-12 16:28:19,224 - INFO - Original order size: 54265
2025-08-12 16:28:19,225 - INFO - Reduced order size: 23076
2025-08-12 16:28:19,225 - INFO - SIP time: 2.808767557144165
2025-08-12 16:28:54,945 - INFO - Namespace(circuit=1, port_num=2000, threshold=1)
2025-08-12 16:28:54,952 - INFO - Circuit : 1
2025-08-12 16:28:57,729 - INFO - Original order size: 54265
2025-08-12 16:28:57,729 - INFO - Reduced order size: 23076
2025-08-12 16:28:57,730 - INFO - SIP time: 2.774752140045166
2025-08-12 16:31:24,068 - INFO - Namespace(circuit=1, port_num=2000, threshold=1)
2025-08-12 16:31:24,075 - INFO - Circuit : 1
2025-08-12 16:31:26,906 - INFO - Original order size: 54265
2025-08-12 16:31:26,907 - INFO - Reduced order size: 23076
2025-08-12 16:31:26,907 - INFO - SIP time: 2.8291141986846924
2025-08-12 16:31:57,785 - INFO - Namespace(circuit=1, port_num=2000, threshold=1)
2025-08-12 16:31:57,792 - INFO - Circuit : 1
2025-08-12 16:32:00,784 - INFO - Original order size: 54265
2025-08-12 16:32:00,784 - INFO - Reduced order size: 23076
2025-08-12 16:32:00,784 - INFO - SIP time: 2.9897568225860596
2025-08-12 17:08:47,754 - INFO - Namespace(circuit=1, port_num=2000, threshold=1)
2025-08-12 17:08:47,761 - INFO - Circuit : 1
2025-08-12 17:08:50,680 - INFO - Original order size: 54265
2025-08-12 17:08:50,680 - INFO - Reduced order size: 23076
2025-08-12 17:08:50,680 - INFO - SIP time: 2.9163925647735596
2025-08-12 17:09:34,031 - INFO - Namespace(circuit=1, port_num=2000, threshold=1)
2025-08-12 17:09:34,039 - INFO - Circuit : 1
2025-08-12 17:09:36,804 - INFO - Original order size: 54265
2025-08-12 17:09:36,804 - INFO - Reduced order size: 23076
2025-08-12 17:09:36,804 - INFO - SIP time: 2.7625210285186768
2025-08-12 17:44:59,396 - INFO - Namespace(circuit=1, port_num=2000, threshold=1)
2025-08-12 17:44:59,403 - INFO - Circuit : 1
2025-08-12 17:45:24,475 - INFO - Permutation time: 23.929941415786743
2025-08-12 18:18:18,172 - INFO - 跳过浮空节点 10559
2025-08-12 18:30:41,406 - INFO - 跳过浮空节点 13031
2025-08-12 18:30:42,095 - INFO - 跳过浮空节点 13034
2025-08-12 18:30:44,564 - INFO - 跳过浮空节点 13043
2025-08-12 18:30:45,538 - INFO - 跳过浮空节点 13047
2025-08-12 18:30:52,202 - INFO - 跳过浮空节点 13070
2025-08-12 18:33:47,483 - INFO - 跳过浮空节点 13659
2025-08-12 18:33:48,455 - INFO - 跳过浮空节点 13663
2025-08-12 18:33:48,838 - INFO - 跳过浮空节点 13665
2025-08-12 18:33:49,824 - INFO - 跳过浮空节点 13669
2025-08-12 18:33:50,205 - INFO - 跳过浮空节点 13671
2025-08-12 18:33:50,290 - INFO - 跳过浮空节点 13672
2025-08-12 18:33:50,675 - INFO - 跳过浮空节点 13674
2025-08-12 18:33:51,674 - INFO - 跳过浮空节点 13678
2025-08-12 18:33:52,336 - INFO - 跳过浮空节点 13681
2025-08-12 18:33:53,333 - INFO - 跳过浮空节点 13685
2025-08-12 18:34:06,839 - INFO - 跳过浮空节点 13731
2025-08-12 18:34:07,224 - INFO - 跳过浮空节点 13733
2025-08-12 18:34:08,486 - INFO - 跳过浮空节点 13738
2025-08-12 18:34:09,168 - INFO - 跳过浮空节点 13741
2025-08-12 18:34:09,253 - INFO - 跳过浮空节点 13742
2025-08-12 18:36:47,039 - INFO - 跳过浮空节点 14273
2025-08-12 18:36:47,124 - INFO - 跳过浮空节点 14274
2025-08-12 18:36:48,084 - INFO - 跳过浮空节点 14278
2025-08-12 18:36:48,169 - INFO - 跳过浮空节点 14279
2025-08-12 18:36:48,253 - INFO - 跳过浮空节点 14280
2025-08-12 18:36:48,337 - INFO - 跳过浮空节点 14281
2025-08-12 18:36:49,038 - INFO - 跳过浮空节点 14284
2025-08-12 18:36:50,030 - INFO - 跳过浮空节点 14288
2025-08-12 18:36:50,687 - INFO - 跳过浮空节点 14291
2025-08-12 18:36:52,267 - INFO - 跳过浮空节点 14297
2025-08-12 18:36:57,410 - INFO - 跳过浮空节点 14315
2025-08-12 18:37:01,924 - INFO - 跳过浮空节点 14331
2025-08-12 18:37:02,586 - INFO - 跳过浮空节点 14334
2025-08-12 18:37:04,157 - INFO - 跳过浮空节点 14340
2025-08-12 18:37:04,822 - INFO - 跳过浮空节点 14343
2025-08-12 18:39:41,095 - INFO - 跳过浮空节点 14870
2025-08-12 18:39:41,178 - INFO - 跳过浮空节点 14871
2025-08-12 18:39:41,262 - INFO - 跳过浮空节点 14872
2025-08-12 18:39:41,919 - INFO - 跳过浮空节点 14875
2025-08-12 18:39:42,002 - INFO - 跳过浮空节点 14876
2025-08-12 18:39:42,681 - INFO - 跳过浮空节点 14879
2025-08-12 18:39:43,389 - INFO - 跳过浮空节点 14882
2025-08-12 18:39:47,043 - INFO - 跳过浮空节点 14895
2025-08-12 18:39:56,023 - INFO - 跳过浮空节点 14926
2025-08-12 18:39:57,019 - INFO - 跳过浮空节点 14930
2025-08-12 18:42:25,574 - INFO - 跳过浮空节点 15431
2025-08-12 19:30:00,255 - INFO - 跳过浮空节点 25286
2025-08-12 19:30:07,355 - INFO - 跳过浮空节点 25312
2025-08-12 19:32:23,674 - INFO - 跳过浮空节点 25798
2025-08-12 19:32:30,796 - INFO - 跳过浮空节点 25824
2025-08-12 19:32:38,462 - INFO - 跳过浮空节点 25852
2025-08-12 19:32:45,581 - INFO - 跳过浮空节点 25878
2025-08-12 19:35:30,655 - INFO - 跳过浮空节点 26467
2025-08-12 19:38:10,924 - INFO - 跳过浮空节点 27039
2025-08-12 19:40:33,691 - INFO - 跳过浮空节点 27549
2025-08-12 19:40:41,048 - INFO - 跳过浮空节点 27576
2025-08-12 19:40:48,974 - INFO - 跳过浮空节点 27605
2025-08-12 19:43:13,993 - INFO - 跳过浮空节点 28124
2025-08-12 19:45:57,396 - INFO - 跳过浮空节点 28709
2025-08-12 19:48:55,081 - INFO - 跳过浮空节点 29347
2025-08-12 19:51:09,059 - INFO - 跳过浮空节点 29830
2025-08-12 19:51:16,071 - INFO - 跳过浮空节点 29856
2025-08-12 19:57:48,866 - INFO - Total reduction time: 7968.3210 seconds
2025-08-12 19:57:52,748 - INFO - Original order size: 54265
2025-08-12 19:57:52,748 - INFO - Reduced order size: 23076
2025-08-12 19:57:52,748 - INFO - SIP time: 7973.343200206757
2025-08-12 20:05:04,639 - INFO - Namespace(circuit=1, port_num=2000, threshold=1)
2025-08-12 20:05:04,647 - INFO - Circuit : 1
2025-08-12 20:06:38,127 - INFO - Namespace(circuit=1, port_num=2000, threshold=1)
2025-08-12 20:06:38,134 - INFO - Circuit : 1
2025-08-12 20:15:57,319 - INFO - Namespace(circuit=1, port_num=2000, threshold=1)
2025-08-12 20:15:57,326 - INFO - Circuit : 1
2025-08-12 20:16:23,137 - INFO - Permutation time: 24.675635814666748
2025-08-12 20:18:21,856 - INFO - Namespace(circuit=1, port_num=2000, threshold=1)
2025-08-12 20:18:21,863 - INFO - Circuit : 1
2025-08-12 20:18:47,577 - INFO - Permutation time: 24.552350997924805
2025-08-12 20:20:39,414 - INFO - 跳过浮空节点 1212 !
2025-08-12 20:20:56,583 - INFO - 跳过浮空节点 1382 !
2025-08-12 20:23:06,462 - INFO - Namespace(circuit=1, port_num=2000, threshold=1)
2025-08-12 20:23:06,468 - INFO - Circuit : 1
2025-08-12 20:23:21,272 - INFO - Permutation time: 13.66789197921753
2025-08-12 20:23:30,755 - INFO - Namespace(circuit=1, port_num=2000, threshold=1)
2025-08-12 20:23:30,763 - INFO - Circuit : 1
2025-08-12 20:23:48,246 - INFO - Permutation time: 15.033107280731201
2025-08-12 20:30:06,777 - INFO - Namespace(circuit=1, port_num=2000, threshold=1)
2025-08-12 20:30:06,783 - INFO - Circuit : 1
2025-08-12 20:30:21,580 - INFO - Permutation time: 13.660781145095825
2025-08-12 21:03:28,728 - INFO - 节点 10386的a_ii为0 !
2025-08-12 21:09:24,359 - INFO - 节点 11478的a_ii为0 !
2025-08-12 21:11:08,424 - INFO - 节点 11801的a_ii为0 !
2025-08-12 21:25:41,883 - INFO - 节点 14507的a_ii为0 !
2025-08-12 21:31:15,358 - INFO - 节点 15557的a_ii为0 !
2025-08-12 21:32:07,229 - INFO - 节点 15717的a_ii为0 !
2025-08-12 21:32:12,115 - INFO - 节点 15733的a_ii为0 !
2025-08-12 22:20:21,350 - INFO - 节点 25009的a_ii为0 !
2025-08-12 22:20:29,091 - INFO - 节点 25035的a_ii为0 !
2025-08-12 22:22:56,528 - INFO - 节点 25521的a_ii为0 !
2025-08-12 22:23:04,146 - INFO - 节点 25547的a_ii为0 !
2025-08-12 22:23:12,402 - INFO - 节点 25575的a_ii为0 !
2025-08-12 22:23:20,119 - INFO - 节点 25601的a_ii为0 !
2025-08-12 22:26:19,398 - INFO - 节点 26190的a_ii为0 !
2025-08-12 22:29:12,891 - INFO - 节点 26762的a_ii为0 !
2025-08-12 22:31:44,686 - INFO - 节点 27272的a_ii为0 !
2025-08-12 22:31:52,620 - INFO - 节点 27299的a_ii为0 !
2025-08-12 22:32:00,948 - INFO - 节点 27328的a_ii为0 !
2025-08-12 22:34:37,224 - INFO - 节点 27847的a_ii为0 !
2025-08-12 22:37:31,744 - INFO - 节点 28432的a_ii为0 !
2025-08-12 22:40:44,461 - INFO - 节点 29070的a_ii为0 !
2025-08-12 22:43:08,205 - INFO - 节点 29553的a_ii为0 !
2025-08-12 22:43:16,014 - INFO - 节点 29579的a_ii为0 !
2025-08-12 22:48:37,563 - INFO - Total reduction time: 8309.6447 seconds
2025-08-12 22:48:41,494 - INFO - Original order size: 54265
2025-08-12 22:48:41,494 - INFO - Reduced order size: 23664
2025-08-12 22:48:41,494 - INFO - SIP time: 8314.708621263504
2025-08-13 09:30:22,288 - INFO - Namespace(circuit=1, port_num=2000, threshold=1)
2025-08-13 09:30:22,296 - INFO - Circuit : 1
2025-08-13 09:30:39,564 - INFO - Permutation time: 14.753519058227539
2025-08-13 09:31:06,437 - INFO - Namespace(circuit=1, port_num=2000, threshold=1)
2025-08-13 09:31:06,445 - INFO - Circuit : 1
2025-08-13 10:22:09,117 - INFO - Namespace(circuit=1, port_num=2000, threshold=1)
2025-08-13 10:22:09,125 - INFO - Circuit : 1
2025-08-13 10:27:39,432 - INFO - Namespace(circuit=1, port_num=2000, threshold=1)
2025-08-13 10:27:39,439 - INFO - Circuit : 1
2025-08-13 10:28:34,179 - INFO - Permutation time: 51.56388854980469
2025-08-13 10:29:38,281 - INFO - Namespace(circuit=1, port_num=2000, threshold=1)
2025-08-13 10:29:38,288 - INFO - Circuit : 1
2025-08-13 10:30:04,725 - INFO - Permutation time: 24.062774419784546
2025-08-13 10:44:30,700 - INFO - Namespace(circuit=1, port_num=2000, threshold=1)
2025-08-13 10:44:30,707 - INFO - Circuit : 1
2025-08-13 10:44:55,959 - INFO - Permutation time: 24.118424654006958
2025-08-13 12:55:01,809 - INFO - Total reduction time: 7829.9689 seconds
2025-08-13 12:55:05,775 - INFO - Original order size: 54265
2025-08-13 12:55:05,775 - INFO - Reduced order size: 23279
2025-08-13 12:55:05,775 - INFO - SIP time: 7835.0659329891205
2025-08-13 15:05:01,254 - INFO - Namespace(circuit=1, port_num=2000, threshold=1)
2025-08-13 15:05:01,262 - INFO - Circuit : 1
2025-08-13 15:05:04,466 - INFO - Original order size: 54265
2025-08-13 15:05:04,466 - INFO - Reduced order size: 23279
2025-08-13 15:05:04,466 - INFO - SIP time: 3.201725721359253
2025-08-13 15:06:02,033 - INFO - Namespace(circuit=1, port_num=2000, threshold=1)
2025-08-13 15:06:02,041 - INFO - Circuit : 1
2025-08-13 15:06:05,233 - INFO - Original order size: 54265
2025-08-13 15:06:05,233 - INFO - Reduced order size: 23279
2025-08-13 15:06:05,233 - INFO - SIP time: 3.188973903656006
2025-08-13 15:06:35,175 - INFO - Namespace(circuit=1, port_num=2000, threshold=1)
2025-08-13 15:06:35,182 - INFO - Circuit : 1
2025-08-13 15:06:38,371 - INFO - Original order size: 54265
2025-08-13 15:06:38,371 - INFO - Reduced order size: 23279
2025-08-13 15:06:38,371 - INFO - SIP time: 3.1854844093322754
2025-08-13 15:07:04,422 - INFO - Namespace(circuit=1, port_num=2000, threshold=1)
2025-08-13 15:07:04,430 - INFO - Circuit : 1
2025-08-13 15:07:07,623 - INFO - Original order size: 54265
2025-08-13 15:07:07,624 - INFO - Reduced order size: 23279
2025-08-13 15:07:07,624 - INFO - SIP time: 3.191049814224243
2025-08-13 15:30:56,895 - INFO - Namespace(circuit=1, port_num=2000, threshold=1)
2025-08-13 15:30:56,903 - INFO - Circuit : 1
2025-08-13 15:31:00,139 - INFO - Original order size: 54265
2025-08-13 15:31:00,139 - INFO - Reduced order size: 23279
2025-08-13 15:31:00,140 - INFO - SIP time: 3.233750104904175
2025-08-13 15:31:35,118 - INFO - Namespace(circuit=1, port_num=2000, threshold=1)
2025-08-13 15:31:35,125 - INFO - Circuit : 1
2025-08-13 15:31:38,316 - INFO - Original order size: 54265
2025-08-13 15:31:38,317 - INFO - Reduced order size: 23279
2025-08-13 15:31:38,317 - INFO - SIP time: 3.1889240741729736
2025-08-13 15:32:08,812 - INFO - Namespace(circuit=1, port_num=2000, threshold=1)
2025-08-13 15:32:08,820 - INFO - Circuit : 1
2025-08-13 15:32:11,978 - INFO - Original order size: 54265
2025-08-13 15:32:11,978 - INFO - Reduced order size: 23279
2025-08-13 15:32:11,979 - INFO - SIP time: 3.1559536457061768
2025-08-13 15:40:37,079 - INFO - Namespace(circuit=1, port_num=2000, threshold=1)
2025-08-13 15:40:37,086 - INFO - Circuit : 1
2025-08-13 15:40:40,254 - INFO - Original order size: 54265
2025-08-13 15:40:40,254 - INFO - Reduced order size: 23279
2025-08-13 15:40:40,254 - INFO - SIP time: 3.164573907852173
2025-08-13 15:50:34,767 - INFO - Namespace(circuit=1, port_num=2000, threshold=1)
2025-08-13 15:50:34,774 - INFO - Circuit : 1
2025-08-13 15:50:59,975 - INFO - Permutation time: 24.013434171676636
2025-08-13 18:05:24,014 - INFO - Column 30981, pivot value is too small: 1.8119949984907174e-12
2025-08-13 18:05:24,014 - INFO - End of reduction, pivot value is too small.
2025-08-13 18:05:24,014 - INFO - Total reduction time: 8088.0525 seconds
2025-08-13 18:05:28,166 - INFO - Original order size: 54265
2025-08-13 18:05:28,166 - INFO - Reduced order size: 23285
2025-08-13 18:05:28,166 - INFO - SIP time: 8093.390001535416
2025-08-14 09:40:06,998 - INFO - Namespace(circuit=1, port_num=2000, threshold=1)
2025-08-14 09:40:07,005 - INFO - Circuit : 1
2025-08-14 09:40:32,129 - INFO - Permutation time: 24.015527963638306
2025-08-14 09:42:06,820 - INFO - Total reduction time: 118.7064 seconds
2025-08-14 09:42:06,997 - INFO - Original order size: 54265
2025-08-14 09:42:06,997 - INFO - Reduced order size: 53264
2025-08-14 09:42:06,997 - INFO - SIP time: 119.98981285095215
2025-08-14 09:42:39,962 - INFO - Namespace(circuit=1, port_num=2000, threshold=1)
2025-08-14 09:42:39,969 - INFO - Circuit : 1
2025-08-14 09:42:42,254 - INFO - Original order size: 54265
2025-08-14 09:42:42,255 - INFO - Reduced order size: 53264
2025-08-14 09:42:42,255 - INFO - SIP time: 2.2833328247070312
2025-08-14 09:43:30,757 - INFO - Namespace(circuit=1, port_num=2000, threshold=1)
2025-08-14 09:43:30,765 - INFO - Circuit : 1
2025-08-14 09:43:33,175 - INFO - Original order size: 54265
2025-08-14 09:43:33,175 - INFO - Reduced order size: 53264
2025-08-14 09:43:33,175 - INFO - SIP time: 2.407848834991455
2025-08-14 09:44:40,523 - INFO - Namespace(circuit=1, port_num=2000, threshold=1)
2025-08-14 09:44:40,530 - INFO - Circuit : 1
2025-08-14 09:44:42,912 - INFO - Original order size: 54265
2025-08-14 09:44:42,913 - INFO - Reduced order size: 53264
2025-08-14 09:44:42,913 - INFO - SIP time: 2.380091667175293
2025-08-14 09:45:46,307 - INFO - Namespace(circuit=1, port_num=2000, threshold=1)
2025-08-14 09:45:46,313 - INFO - Circuit : 1
2025-08-14 09:45:47,463 - INFO - Original order size: 54265
2025-08-14 09:45:47,463 - INFO - Reduced order size: 53264
2025-08-14 09:45:47,463 - INFO - SIP time: 1.1481266021728516
2025-08-14 09:46:11,466 - INFO - Namespace(circuit=1, port_num=2000, threshold=1)
2025-08-14 09:46:11,472 - INFO - Circuit : 1
2025-08-14 09:46:36,682 - INFO - Permutation time: 24.102640390396118
2025-08-14 09:54:22,248 - INFO - Total reduction time: 489.6683 seconds
2025-08-14 09:54:22,414 - INFO - Original order size: 54265
2025-08-14 09:54:22,414 - INFO - Reduced order size: 49264
2025-08-14 09:54:22,414 - INFO - SIP time: 490.9399743080139
