2025-06-17 10:37:15,379 - INFO - Namespace(circuit=3, port_num=100, threshold=0.5)
2025-06-17 10:37:15,718 - INFO - Circuit : 3
2025-06-25 10:09:18,382 - INFO - Namespace(circuit=3, port_num=100, threshold=0)
2025-06-25 10:09:18,457 - INFO - Circuit : 3
2025-06-25 10:10:54,262 - WARNING - Matrix inversion failed, using pseudo-inverse instead.
2025-06-25 10:10:54,278 - INFO - RGA computation time: 95.7823 seconds
2025-06-25 10:10:54,279 - INFO - RGA matrix computed and normalized.
2025-06-25 10:12:28,883 - INFO - Namespace(circuit=3, port_num=2000, threshold=0)
2025-06-25 10:12:28,962 - INFO - Circuit : 3
2025-06-25 10:29:12,871 - WARNING - Matrix inversion failed, using pseudo-inverse instead.
2025-06-25 10:29:16,632 - INFO - RGA computation time: 1007.6301 seconds
2025-06-25 10:29:16,632 - INFO - RGA matrix computed and normalized.
2025-06-25 10:58:02,113 - INFO - Namespace(circuit=3, port_num=2000, threshold=0.05)
2025-06-25 10:58:02,192 - INFO - Circuit : 3
2025-06-25 11:05:32,196 - INFO - Namespace(circuit=3, port_num=2000, threshold=0.05)
2025-06-25 11:05:32,273 - INFO - Circuit : 3
2025-06-25 11:06:12,146 - INFO - Namespace(circuit=3, port_num=2000, threshold=0.05)
2025-06-25 11:06:12,224 - INFO - Circuit : 3
2025-06-25 11:22:51,627 - WARNING - Matrix inversion failed, using pseudo-inverse instead.
2025-06-25 11:22:54,034 - INFO - RGA computation time: 1001.7712 seconds
2025-06-25 11:22:54,034 - INFO - RGA matrix computed and normalized.
2025-06-25 11:26:34,600 - INFO - Output 1: Reduced order model size: 6, Time taken: 115.1649 seconds
2025-06-25 11:26:34,917 - INFO - Simulation for output 1 took 0.3175 seconds.
2025-06-25 14:48:47,276 - INFO - Namespace(circuit=3, port_num=2000, threshold=0.05)
2025-06-25 14:48:47,351 - INFO - Circuit : 3
2025-06-25 15:05:43,189 - WARNING - Matrix inversion failed, using pseudo-inverse instead.
2025-06-25 15:05:46,957 - INFO - RGA computation time: 1019.5652 seconds
2025-06-25 15:05:46,957 - INFO - RGA matrix computed and normalized.
2025-06-25 15:09:46,543 - INFO - Output 1: Reduced order model size: 6, Time taken: 131.6834 seconds
2025-06-25 15:09:47,016 - INFO - Simulation for output 1 took 0.4719 seconds.
2025-06-25 15:11:54,616 - INFO - Output 2: Reduced order model size: 6, Time taken: 127.6002 seconds
2025-06-25 15:11:55,044 - INFO - Simulation for output 2 took 0.4272 seconds.
2025-06-25 15:13:48,842 - INFO - Output 3: Reduced order model size: 8, Time taken: 113.7972 seconds
2025-06-25 15:13:49,269 - INFO - Simulation for output 3 took 0.4274 seconds.
2025-06-25 15:16:00,183 - INFO - Output 4: Reduced order model size: 6, Time taken: 130.9136 seconds
2025-06-25 15:16:00,610 - INFO - Simulation for output 4 took 0.4267 seconds.
